[ 2016-11-28T09:17:59+08:00 ] 127.0.0.1 /xiaomifeng/index.php/index/doutu
INFO: [ app_init ] --START--
INFO: Run Behavior\BuildLiteBehavior [ RunTime:0.000000s ]
INFO: [ app_init ] --END-- [ RunTime:0.000000s ]
ERR: 无法加载模块:Index

[ 2016-11-28T09:18:05+08:00 ] 127.0.0.1 /xiaomifeng/index.php/doutu
INFO: [ app_init ] --START--
INFO: Run Behavior\BuildLiteBehavior [ RunTime:0.000000s ]
INFO: [ app_init ] --END-- [ RunTime:0.000000s ]
ERR: 无法加载模块:Doutu

[ 2016-11-28T09:18:15+08:00 ] 127.0.0.1 /xiaomifeng/index.php/index/doutu
INFO: [ app_init ] --START--
INFO: Run Behavior\BuildLiteBehavior [ RunTime:0.000000s ]
INFO: [ app_init ] --END-- [ RunTime:0.000000s ]
ERR: 无法加载模块:Index

[ 2016-11-28T09:18:29+08:00 ] 127.0.0.1 /xiaomifeng/index.php/index/doutu
INFO: [ app_init ] --START--
INFO: Run Behavior\BuildLiteBehavior [ RunTime:0.000000s ]
INFO: [ app_init ] --END-- [ RunTime:0.000000s ]
ERR: 无法加载模块:Index

