[ 2016-11-30T09:07:31+08:00 ] 127.0.0.1 /xiaomifeng/
INFO: [ app_init ] --START--
INFO: Run Behavior\BuildLiteBehavior [ RunTime:0.000000s ]
INFO: [ app_init ] --END-- [ RunTime:0.001000s ]
INFO: [ app_begin ] --START--
INFO: Run Behavior\ReadHtmlCacheBehavior [ RunTime:0.001000s ]
INFO: [ app_begin ] --END-- [ RunTime:0.001000s ]
SQL: select * from cate2 order by like_num desc limit 14 [ RunTime:0.0070s ]
SQL: select * from cate2 order by add_time desc limit 10 [ RunTime:0.0080s ]
SQL: SHOW COLUMNS FROM `nav` [ RunTime:0.0060s ]
SQL: SELECT * FROM `nav` INNER JOIN width ON width.width_id = nav.width_id  WHERE `nav_status` = '0' AND `nav_starttime` <= '2016-11-30 09:07:31' AND `nav_endtime` >= '2016-11-30 09:07:31' AND `width_main` = '0' ORDER BY nav_id desc LIMIT 1   [ RunTime:0.0020s ]
SQL: SHOW COLUMNS FROM `qs` [ RunTime:0.0070s ]
SQL: SHOW COLUMNS FROM `qs` [ RunTime:0.0070s ]
SQL: SELECT COUNT(*) AS tp_count FROM `qs` LIMIT 1   [ RunTime:0.0010s ]
NOTIC: [8] Undefined index: page D:\phpStudy\WWW\xiaomifeng\Application\Home\Model\QsModel.class.php 第 13 行.
NOTIC: [8] Undefined variable: where D:\phpStudy\WWW\xiaomifeng\Application\Home\Model\QsModel.class.php 第 18 行.
SQL: SELECT * FROM `qs` LIMIT 0,20   [ RunTime:0.0020s ]
SQL: SELECT COUNT(*) AS tp_count FROM `qs` LIMIT 1   [ RunTime:0.0010s ]
NOTIC: [8] Undefined variable: page_i D:\phpStudy\WWW\xiaomifeng\Application\Home\Model\QsModel.class.php 第 23 行.
INFO: [ view_parse ] --START--
INFO: [ template_filter ] --START--
INFO: Run Behavior\ContentReplaceBehavior [ RunTime:0.000000s ]
INFO: [ template_filter ] --END-- [ RunTime:0.000000s ]
NOTIC: [8] Undefined variable: page D:\phpStudy\WWW\xiaomifeng\Application\Runtime\Cache\Home\5f5878b563bbd0551b6c84d71156b7e9.php 第 489 行.
INFO: Run Behavior\ParseTemplateBehavior [ RunTime:0.039003s ]
INFO: [ view_parse ] --END-- [ RunTime:0.039003s ]
INFO: [ view_filter ] --START--
INFO: Run Behavior\WriteHtmlCacheBehavior [ RunTime:0.001000s ]
INFO: [ view_filter ] --END-- [ RunTime:0.001000s ]
INFO: [ app_end ] --START--
INFO: Run Behavior\ShowPageTraceBehavior [ RunTime:0.001000s ]
INFO: [ app_end ] --END-- [ RunTime:0.001000s ]

[ 2016-11-30T09:07:32+08:00 ] 127.0.0.1 /xiaomifeng/
INFO: [ app_init ] --START--
INFO: Run Behavior\BuildLiteBehavior [ RunTime:0.000000s ]
INFO: [ app_init ] --END-- [ RunTime:0.001000s ]
INFO: [ app_begin ] --START--
INFO: Run Behavior\ReadHtmlCacheBehavior [ RunTime:0.002000s ]
INFO: [ app_begin ] --END-- [ RunTime:0.002000s ]
SQL: select * from cate2 order by like_num desc limit 14 [ RunTime:0.0080s ]
SQL: select * from cate2 order by add_time desc limit 10 [ RunTime:0.0050s ]
SQL: SHOW COLUMNS FROM `nav` [ RunTime:0.0150s ]
SQL: SELECT * FROM `nav` INNER JOIN width ON width.width_id = nav.width_id  WHERE `nav_status` = '0' AND `nav_starttime` <= '2016-11-30 09:07:32' AND `nav_endtime` >= '2016-11-30 09:07:32' AND `width_main` = '0' ORDER BY nav_id desc LIMIT 1   [ RunTime:0.0020s ]
SQL: SHOW COLUMNS FROM `qs` [ RunTime:0.0070s ]
SQL: SHOW COLUMNS FROM `qs` [ RunTime:0.0070s ]
SQL: SELECT COUNT(*) AS tp_count FROM `qs` LIMIT 1   [ RunTime:0.0020s ]
NOTIC: [8] Undefined index: page D:\phpStudy\WWW\xiaomifeng\Application\Home\Model\QsModel.class.php 第 13 行.
NOTIC: [8] Undefined variable: where D:\phpStudy\WWW\xiaomifeng\Application\Home\Model\QsModel.class.php 第 18 行.
SQL: SELECT * FROM `qs` LIMIT 0,20   [ RunTime:0.0020s ]
SQL: SELECT COUNT(*) AS tp_count FROM `qs` LIMIT 1   [ RunTime:0.0010s ]
NOTIC: [8] Undefined variable: page_i D:\phpStudy\WWW\xiaomifeng\Application\Home\Model\QsModel.class.php 第 23 行.
INFO: [ view_parse ] --START--
INFO: [ template_filter ] --START--
INFO: Run Behavior\ContentReplaceBehavior [ RunTime:0.000000s ]
INFO: [ template_filter ] --END-- [ RunTime:0.000000s ]
NOTIC: [8] Undefined variable: page D:\phpStudy\WWW\xiaomifeng\Application\Runtime\Cache\Home\5f5878b563bbd0551b6c84d71156b7e9.php 第 489 行.
INFO: Run Behavior\ParseTemplateBehavior [ RunTime:0.014001s ]
INFO: [ view_parse ] --END-- [ RunTime:0.014001s ]
INFO: [ view_filter ] --START--
INFO: Run Behavior\WriteHtmlCacheBehavior [ RunTime:0.001000s ]
INFO: [ view_filter ] --END-- [ RunTime:0.001000s ]
INFO: [ app_end ] --START--
INFO: Run Behavior\ShowPageTraceBehavior [ RunTime:0.003000s ]
INFO: [ app_end ] --END-- [ RunTime:0.003000s ]

[ 2016-11-30T09:07:35+08:00 ] 127.0.0.1 /xiaomifeng/index.php/Home/Index/qs.html
INFO: [ app_init ] --START--
INFO: Run Behavior\BuildLiteBehavior [ RunTime:0.000000s ]
INFO: [ app_init ] --END-- [ RunTime:0.000000s ]
INFO: [ app_begin ] --START--
INFO: Run Behavior\ReadHtmlCacheBehavior [ RunTime:0.002000s ]
INFO: [ app_begin ] --END-- [ RunTime:0.002000s ]
SQL: SHOW COLUMNS FROM `qs` [ RunTime:0.0070s ]
SQL: SHOW COLUMNS FROM `qs` [ RunTime:0.0070s ]
SQL: SELECT COUNT(*) AS tp_count FROM `qs` LIMIT 1   [ RunTime:0.0010s ]
NOTIC: [8] Undefined index: page D:\phpStudy\WWW\xiaomifeng\Application\Home\Model\QsModel.class.php 第 13 行.
NOTIC: [8] Undefined variable: where D:\phpStudy\WWW\xiaomifeng\Application\Home\Model\QsModel.class.php 第 18 行.
SQL: SELECT * FROM `qs` LIMIT 0,20   [ RunTime:0.0020s ]
SQL: SELECT COUNT(*) AS tp_count FROM `qs` LIMIT 1   [ RunTime:0.0010s ]
NOTIC: [8] Undefined variable: page_i D:\phpStudy\WWW\xiaomifeng\Application\Home\Model\QsModel.class.php 第 23 行.
NOTIC: [8] Undefined index: page D:\phpStudy\WWW\xiaomifeng\Application\Home\Controller\IndexController.class.php 第 171 行.
INFO: [ view_parse ] --START--
INFO: [ template_filter ] --START--
INFO: Run Behavior\ContentReplaceBehavior [ RunTime:0.000000s ]
INFO: [ template_filter ] --END-- [ RunTime:0.000000s ]
INFO: Run Behavior\ParseTemplateBehavior [ RunTime:0.011001s ]
INFO: [ view_parse ] --END-- [ RunTime:0.011001s ]
INFO: [ view_filter ] --START--
INFO: Run Behavior\WriteHtmlCacheBehavior [ RunTime:0.000000s ]
INFO: [ view_filter ] --END-- [ RunTime:0.000000s ]
INFO: [ app_end ] --START--
INFO: Run Behavior\ShowPageTraceBehavior [ RunTime:0.000000s ]
INFO: [ app_end ] --END-- [ RunTime:0.000000s ]

[ 2016-11-30T09:07:37+08:00 ] 127.0.0.1 /xiaomifeng/index.php/Home/Index/xiazai.html?qsid=27
INFO: [ app_init ] --START--
INFO: Run Behavior\BuildLiteBehavior [ RunTime:0.000000s ]
INFO: [ app_init ] --END-- [ RunTime:0.000000s ]
INFO: [ app_begin ] --START--
INFO: Run Behavior\ReadHtmlCacheBehavior [ RunTime:0.000000s ]
INFO: [ app_begin ] --END-- [ RunTime:0.000000s ]

[ 2016-11-30T09:07:57+08:00 ] 127.0.0.1 /xiaomifeng/index.php/Home/Index/xiazai.html?qsid=27
INFO: [ app_init ] --START--
INFO: Run Behavior\BuildLiteBehavior [ RunTime:0.000000s ]
INFO: [ app_init ] --END-- [ RunTime:0.000000s ]
INFO: [ app_begin ] --START--
INFO: Run Behavior\ReadHtmlCacheBehavior [ RunTime:0.000000s ]
INFO: [ app_begin ] --END-- [ RunTime:0.000000s ]
SQL: SHOW COLUMNS FROM `qs` [ RunTime:0.0120s ]
SQL: SELECT * FROM `qs` WHERE ( qsid='27' )  [ RunTime:0.0020s ]
NOTIC: [2] file_put_contents(Txt/27.txt): failed to open stream: No such file or directory D:\phpStudy\WWW\xiaomifeng\Application\Home\Controller\IndexController.class.php 第 192 行.
INFO: [ view_parse ] --START--
INFO: [ template_filter ] --START--
INFO: Run Behavior\ContentReplaceBehavior [ RunTime:0.000000s ]
INFO: [ template_filter ] --END-- [ RunTime:0.000000s ]
INFO: Run Behavior\ParseTemplateBehavior [ RunTime:0.005000s ]
INFO: [ view_parse ] --END-- [ RunTime:0.005000s ]
INFO: [ view_filter ] --START--
INFO: Run Behavior\WriteHtmlCacheBehavior [ RunTime:0.000000s ]
INFO: [ view_filter ] --END-- [ RunTime:0.000000s ]

[ 2016-11-30T09:08:16+08:00 ] 127.0.0.1 /xiaomifeng/index.php/Home/Index/xiazai.html?qsid=27
INFO: [ app_init ] --START--
INFO: Run Behavior\BuildLiteBehavior [ RunTime:0.000000s ]
INFO: [ app_init ] --END-- [ RunTime:0.001000s ]
INFO: [ app_begin ] --START--
INFO: Run Behavior\ReadHtmlCacheBehavior [ RunTime:0.001000s ]
INFO: [ app_begin ] --END-- [ RunTime:0.001000s ]
SQL: SHOW COLUMNS FROM `qs` [ RunTime:0.0070s ]
SQL: SELECT * FROM `qs` WHERE ( qsid='27' )  [ RunTime:0.0020s ]
NOTIC: [2] file_put_contents(Txt/27.txt): failed to open stream: No such file or directory D:\phpStudy\WWW\xiaomifeng\Application\Home\Controller\IndexController.class.php 第 192 行.
INFO: [ view_parse ] --START--
INFO: [ template_filter ] --START--
INFO: Run Behavior\ContentReplaceBehavior [ RunTime:0.000000s ]
INFO: [ template_filter ] --END-- [ RunTime:0.000000s ]
INFO: Run Behavior\ParseTemplateBehavior [ RunTime:0.006001s ]
INFO: [ view_parse ] --END-- [ RunTime:0.006001s ]
INFO: [ view_filter ] --START--
INFO: Run Behavior\WriteHtmlCacheBehavior [ RunTime:0.000000s ]
INFO: [ view_filter ] --END-- [ RunTime:0.000000s ]

[ 2016-11-30T09:08:18+08:00 ] 127.0.0.1 /xiaomifeng/index.php/Home/Index/xiazai.html?qsid=27
INFO: [ app_init ] --START--
INFO: Run Behavior\BuildLiteBehavior [ RunTime:0.000000s ]
INFO: [ app_init ] --END-- [ RunTime:0.001000s ]
INFO: [ app_begin ] --START--
INFO: Run Behavior\ReadHtmlCacheBehavior [ RunTime:0.001000s ]
INFO: [ app_begin ] --END-- [ RunTime:0.001000s ]
SQL: SHOW COLUMNS FROM `qs` [ RunTime:0.0050s ]
SQL: SELECT * FROM `qs` WHERE ( qsid='27' )  [ RunTime:0.0020s ]
NOTIC: [2] file_put_contents(Txt/27.txt): failed to open stream: No such file or directory D:\phpStudy\WWW\xiaomifeng\Application\Home\Controller\IndexController.class.php 第 192 行.
INFO: [ view_parse ] --START--
INFO: [ template_filter ] --START--
INFO: Run Behavior\ContentReplaceBehavior [ RunTime:0.000000s ]
INFO: [ template_filter ] --END-- [ RunTime:0.000000s ]
INFO: Run Behavior\ParseTemplateBehavior [ RunTime:0.007001s ]
INFO: [ view_parse ] --END-- [ RunTime:0.007001s ]
INFO: [ view_filter ] --START--
INFO: Run Behavior\WriteHtmlCacheBehavior [ RunTime:0.000000s ]
INFO: [ view_filter ] --END-- [ RunTime:0.000000s ]

[ 2016-11-30T09:08:21+08:00 ] 127.0.0.1 /xiaomifeng/index.php/Home/Index/qs.html
INFO: [ app_init ] --START--
INFO: Run Behavior\BuildLiteBehavior [ RunTime:0.000000s ]
INFO: [ app_init ] --END-- [ RunTime:0.000000s ]
INFO: [ app_begin ] --START--
INFO: Run Behavior\ReadHtmlCacheBehavior [ RunTime:0.000000s ]
INFO: [ app_begin ] --END-- [ RunTime:0.000000s ]
SQL: SHOW COLUMNS FROM `qs` [ RunTime:0.0050s ]
SQL: SHOW COLUMNS FROM `qs` [ RunTime:0.0060s ]
SQL: SELECT COUNT(*) AS tp_count FROM `qs` LIMIT 1   [ RunTime:0.0010s ]
NOTIC: [8] Undefined index: page D:\phpStudy\WWW\xiaomifeng\Application\Home\Model\QsModel.class.php 第 13 行.
NOTIC: [8] Undefined variable: where D:\phpStudy\WWW\xiaomifeng\Application\Home\Model\QsModel.class.php 第 18 行.
SQL: SELECT * FROM `qs` LIMIT 0,20   [ RunTime:0.0020s ]
SQL: SELECT COUNT(*) AS tp_count FROM `qs` LIMIT 1   [ RunTime:0.0010s ]
NOTIC: [8] Undefined variable: page_i D:\phpStudy\WWW\xiaomifeng\Application\Home\Model\QsModel.class.php 第 23 行.
NOTIC: [8] Undefined index: page D:\phpStudy\WWW\xiaomifeng\Application\Home\Controller\IndexController.class.php 第 171 行.
INFO: [ view_parse ] --START--
INFO: [ template_filter ] --START--
INFO: Run Behavior\ContentReplaceBehavior [ RunTime:0.000000s ]
INFO: [ template_filter ] --END-- [ RunTime:0.000000s ]
INFO: Run Behavior\ParseTemplateBehavior [ RunTime:0.013000s ]
INFO: [ view_parse ] --END-- [ RunTime:0.013000s ]
INFO: [ view_filter ] --START--
INFO: Run Behavior\WriteHtmlCacheBehavior [ RunTime:0.000000s ]
INFO: [ view_filter ] --END-- [ RunTime:0.000000s ]
INFO: [ app_end ] --START--
INFO: Run Behavior\ShowPageTraceBehavior [ RunTime:0.001000s ]
INFO: [ app_end ] --END-- [ RunTime:0.001000s ]

[ 2016-11-30T09:08:24+08:00 ] 127.0.0.1 /xiaomifeng/index.php/Home/Index/xiazai.html?qsid=27
INFO: [ app_init ] --START--
INFO: Run Behavior\BuildLiteBehavior [ RunTime:0.000000s ]
INFO: [ app_init ] --END-- [ RunTime:0.000000s ]
INFO: [ app_begin ] --START--
INFO: Run Behavior\ReadHtmlCacheBehavior [ RunTime:0.001000s ]
INFO: [ app_begin ] --END-- [ RunTime:0.001000s ]
SQL: SHOW COLUMNS FROM `qs` [ RunTime:0.0060s ]
SQL: SELECT * FROM `qs` WHERE ( qsid='27' )  [ RunTime:0.0010s ]
NOTIC: [2] file_put_contents(Txt/27.txt): failed to open stream: No such file or directory D:\phpStudy\WWW\xiaomifeng\Application\Home\Controller\IndexController.class.php 第 192 行.
INFO: [ view_parse ] --START--
INFO: [ template_filter ] --START--
INFO: Run Behavior\ContentReplaceBehavior [ RunTime:0.000000s ]
INFO: [ template_filter ] --END-- [ RunTime:0.000000s ]
INFO: Run Behavior\ParseTemplateBehavior [ RunTime:0.005000s ]
INFO: [ view_parse ] --END-- [ RunTime:0.005000s ]
INFO: [ view_filter ] --START--
INFO: Run Behavior\WriteHtmlCacheBehavior [ RunTime:0.001000s ]
INFO: [ view_filter ] --END-- [ RunTime:0.001000s ]

[ 2016-11-30T09:09:23+08:00 ] 127.0.0.1 /xiaomifeng/index.php/Home/Index/qs.html
INFO: [ app_init ] --START--
INFO: Run Behavior\BuildLiteBehavior [ RunTime:0.000000s ]
INFO: [ app_init ] --END-- [ RunTime:0.001000s ]
INFO: [ app_begin ] --START--
INFO: Run Behavior\ReadHtmlCacheBehavior [ RunTime:0.001000s ]
INFO: [ app_begin ] --END-- [ RunTime:0.001000s ]
SQL: SHOW COLUMNS FROM `qs` [ RunTime:0.0120s ]
SQL: SHOW COLUMNS FROM `qs` [ RunTime:0.0110s ]
SQL: SELECT COUNT(*) AS tp_count FROM `qs` LIMIT 1   [ RunTime:0.0010s ]
NOTIC: [8] Undefined index: page D:\phpStudy\WWW\xiaomifeng\Application\Home\Model\QsModel.class.php 第 13 行.
NOTIC: [8] Undefined variable: where D:\phpStudy\WWW\xiaomifeng\Application\Home\Model\QsModel.class.php 第 18 行.
SQL: SELECT * FROM `qs` LIMIT 0,20   [ RunTime:0.0020s ]
SQL: SELECT COUNT(*) AS tp_count FROM `qs` LIMIT 1   [ RunTime:0.0000s ]
NOTIC: [8] Undefined variable: page_i D:\phpStudy\WWW\xiaomifeng\Application\Home\Model\QsModel.class.php 第 23 行.
NOTIC: [8] Undefined index: page D:\phpStudy\WWW\xiaomifeng\Application\Home\Controller\IndexController.class.php 第 171 行.
INFO: [ view_parse ] --START--
INFO: [ template_filter ] --START--
INFO: Run Behavior\ContentReplaceBehavior [ RunTime:0.000000s ]
INFO: [ template_filter ] --END-- [ RunTime:0.000000s ]
INFO: Run Behavior\ParseTemplateBehavior [ RunTime:0.014001s ]
INFO: [ view_parse ] --END-- [ RunTime:0.015001s ]
INFO: [ view_filter ] --START--
INFO: Run Behavior\WriteHtmlCacheBehavior [ RunTime:0.000000s ]
INFO: [ view_filter ] --END-- [ RunTime:0.000000s ]
INFO: [ app_end ] --START--
INFO: Run Behavior\ShowPageTraceBehavior [ RunTime:0.001000s ]
INFO: [ app_end ] --END-- [ RunTime:0.001000s ]

[ 2016-11-30T09:09:28+08:00 ] 127.0.0.1 /xiaomifeng/index.php/Home/Index/xiazai.html?qsid=27
INFO: [ app_init ] --START--
INFO: Run Behavior\BuildLiteBehavior [ RunTime:0.000000s ]
INFO: [ app_init ] --END-- [ RunTime:0.000000s ]
INFO: [ app_begin ] --START--
INFO: Run Behavior\ReadHtmlCacheBehavior [ RunTime:0.000000s ]
INFO: [ app_begin ] --END-- [ RunTime:0.000000s ]
SQL: SHOW COLUMNS FROM `qs` [ RunTime:0.0050s ]
SQL: SELECT * FROM `qs` WHERE ( qsid='27' )  [ RunTime:0.0010s ]
NOTIC: [2] file_put_contents(Txt/27.txt): failed to open stream: No such file or directory D:\phpStudy\WWW\xiaomifeng\Application\Home\Controller\IndexController.class.php 第 192 行.
INFO: [ view_parse ] --START--
INFO: [ template_filter ] --START--
INFO: Run Behavior\ContentReplaceBehavior [ RunTime:0.000000s ]
INFO: [ template_filter ] --END-- [ RunTime:0.000000s ]
INFO: Run Behavior\ParseTemplateBehavior [ RunTime:0.006000s ]
INFO: [ view_parse ] --END-- [ RunTime:0.006000s ]
INFO: [ view_filter ] --START--
INFO: Run Behavior\WriteHtmlCacheBehavior [ RunTime:0.000000s ]
INFO: [ view_filter ] --END-- [ RunTime:0.000000s ]

[ 2016-11-30T09:10:21+08:00 ] 127.0.0.1 /xiaomifeng/index.php/Home/Index/qs.html
INFO: [ app_init ] --START--
INFO: Run Behavior\BuildLiteBehavior [ RunTime:0.000000s ]
INFO: [ app_init ] --END-- [ RunTime:0.001000s ]
INFO: [ app_begin ] --START--
INFO: Run Behavior\ReadHtmlCacheBehavior [ RunTime:0.000000s ]
INFO: [ app_begin ] --END-- [ RunTime:0.000000s ]
SQL: SHOW COLUMNS FROM `qs` [ RunTime:0.0080s ]
SQL: SHOW COLUMNS FROM `qs` [ RunTime:0.0060s ]
SQL: SELECT COUNT(*) AS tp_count FROM `qs` LIMIT 1   [ RunTime:0.0020s ]
NOTIC: [8] Undefined index: page D:\phpStudy\WWW\xiaomifeng\Application\Home\Model\QsModel.class.php 第 13 行.
NOTIC: [8] Undefined variable: where D:\phpStudy\WWW\xiaomifeng\Application\Home\Model\QsModel.class.php 第 18 行.
SQL: SELECT * FROM `qs` LIMIT 0,20   [ RunTime:0.0030s ]
SQL: SELECT COUNT(*) AS tp_count FROM `qs` LIMIT 1   [ RunTime:0.0010s ]
NOTIC: [8] Undefined variable: page_i D:\phpStudy\WWW\xiaomifeng\Application\Home\Model\QsModel.class.php 第 23 行.
NOTIC: [8] Undefined index: page D:\phpStudy\WWW\xiaomifeng\Application\Home\Controller\IndexController.class.php 第 171 行.
INFO: [ view_parse ] --START--
INFO: [ template_filter ] --START--
INFO: Run Behavior\ContentReplaceBehavior [ RunTime:0.000000s ]
INFO: [ template_filter ] --END-- [ RunTime:0.000000s ]
INFO: Run Behavior\ParseTemplateBehavior [ RunTime:0.017001s ]
INFO: [ view_parse ] --END-- [ RunTime:0.018001s ]
INFO: [ view_filter ] --START--
INFO: Run Behavior\WriteHtmlCacheBehavior [ RunTime:0.001000s ]
INFO: [ view_filter ] --END-- [ RunTime:0.001000s ]
INFO: [ app_end ] --START--
INFO: Run Behavior\ShowPageTraceBehavior [ RunTime:0.008001s ]
INFO: [ app_end ] --END-- [ RunTime:0.008001s ]

[ 2016-11-30T09:10:24+08:00 ] 127.0.0.1 /xiaomifeng/index.php/Home/Index/xiazai.html?qsid=27
INFO: [ app_init ] --START--
INFO: Run Behavior\BuildLiteBehavior [ RunTime:0.000000s ]
INFO: [ app_init ] --END-- [ RunTime:0.000000s ]
INFO: [ app_begin ] --START--
INFO: Run Behavior\ReadHtmlCacheBehavior [ RunTime:0.001000s ]
INFO: [ app_begin ] --END-- [ RunTime:0.001000s ]
SQL: SHOW COLUMNS FROM `qs` [ RunTime:0.0100s ]
SQL: SELECT * FROM `qs` WHERE ( qsid='27' )  [ RunTime:0.0010s ]
INFO: [ app_end ] --START--
INFO: Run Behavior\ShowPageTraceBehavior [ RunTime:0.001000s ]
INFO: [ app_end ] --END-- [ RunTime:0.001000s ]

[ 2016-11-30T09:10:31+08:00 ] 127.0.0.1 /xiaomifeng/index.php/Home/Index/xiazai.html?qsid=27
INFO: [ app_init ] --START--
INFO: Run Behavior\BuildLiteBehavior [ RunTime:0.000000s ]
INFO: [ app_init ] --END-- [ RunTime:0.001000s ]
INFO: [ app_begin ] --START--
INFO: Run Behavior\ReadHtmlCacheBehavior [ RunTime:0.001000s ]
INFO: [ app_begin ] --END-- [ RunTime:0.001000s ]
SQL: SHOW COLUMNS FROM `qs` [ RunTime:0.0070s ]
SQL: SELECT * FROM `qs` WHERE ( qsid='27' )  [ RunTime:0.0020s ]
INFO: [ app_end ] --START--
INFO: Run Behavior\ShowPageTraceBehavior [ RunTime:0.001000s ]
INFO: [ app_end ] --END-- [ RunTime:0.002000s ]

