[ 2016-11-23T07:41:14+08:00 ] 127.0.0.1 /practical/blog1/
INFO: [ app_init ] --START--
INFO: Run Behavior\BuildLiteBehavior [ RunTime:0.000000s ]
INFO: [ app_init ] --END-- [ RunTime:0.001000s ]
INFO: [ app_begin ] --START--
INFO: Run Behavior\ReadHtmlCacheBehavior [ RunTime:0.001000s ]
INFO: [ app_begin ] --END-- [ RunTime:0.001000s ]
SQL: SHOW COLUMNS FROM `article` [ RunTime:0.0570s ]
SQL: SELECT * FROM `article` WHERE ( is_delete='0' ) ORDER BY add_time desc LIMIT 3   [ RunTime:0.0030s ]
SQL: SELECT * FROM `article` WHERE ( is_delete='0' ) ORDER BY praises desc LIMIT 5   [ RunTime:0.0000s ]
SQL: SHOW COLUMNS FROM `category` [ RunTime:0.0290s ]
SQL: SELECT * FROM `category`  [ RunTime:0.0000s ]
INFO: [ view_parse ] --START--
INFO: [ template_filter ] --START--
INFO: Run Behavior\ContentReplaceBehavior [ RunTime:0.001000s ]
INFO: [ template_filter ] --END-- [ RunTime:0.001000s ]
INFO: Run Behavior\ParseTemplateBehavior [ RunTime:0.043002s ]
INFO: [ view_parse ] --END-- [ RunTime:0.043002s ]
INFO: [ view_filter ] --START--
INFO: Run Behavior\WriteHtmlCacheBehavior [ RunTime:0.017001s ]
INFO: [ view_filter ] --END-- [ RunTime:0.017001s ]
INFO: [ app_end ] --START--
INFO: Run Behavior\ShowPageTraceBehavior [ RunTime:0.012001s ]
INFO: [ app_end ] --END-- [ RunTime:0.012001s ]

[ 2016-11-23T08:07:41+08:00 ] 127.0.0.1 /practical/blog1/
INFO: [ app_init ] --START--
INFO: Run Behavior\BuildLiteBehavior [ RunTime:0.000000s ]
INFO: [ app_init ] --END-- [ RunTime:0.001000s ]
INFO: [ app_begin ] --START--
INFO: Run Behavior\ReadHtmlCacheBehavior [ RunTime:0.000000s ]
INFO: [ app_begin ] --END-- [ RunTime:0.000000s ]
SQL: SHOW COLUMNS FROM `article` [ RunTime:0.0070s ]
SQL: SELECT * FROM `article` WHERE ( is_delete='0' ) ORDER BY add_time desc LIMIT 3   [ RunTime:0.0000s ]
SQL: SELECT * FROM `article` WHERE ( is_delete='0' ) ORDER BY praises desc LIMIT 5   [ RunTime:0.0010s ]
SQL: SHOW COLUMNS FROM `category` [ RunTime:0.0060s ]
SQL: SELECT * FROM `category`  [ RunTime:0.0010s ]
INFO: [ view_parse ] --START--
INFO: [ template_filter ] --START--
INFO: Run Behavior\ContentReplaceBehavior [ RunTime:0.001000s ]
INFO: [ template_filter ] --END-- [ RunTime:0.001000s ]
INFO: Run Behavior\ParseTemplateBehavior [ RunTime:0.045002s ]
INFO: [ view_parse ] --END-- [ RunTime:0.045002s ]
INFO: [ view_filter ] --START--
INFO: Run Behavior\WriteHtmlCacheBehavior [ RunTime:0.001000s ]
INFO: [ view_filter ] --END-- [ RunTime:0.001000s ]
INFO: [ app_end ] --START--
INFO: Run Behavior\ShowPageTraceBehavior [ RunTime:0.000000s ]
INFO: [ app_end ] --END-- [ RunTime:0.000000s ]

[ 2016-11-23T08:09:17+08:00 ] 127.0.0.1 /practical/blog1/
INFO: [ app_init ] --START--
INFO: Run Behavior\BuildLiteBehavior [ RunTime:0.000000s ]
INFO: [ app_init ] --END-- [ RunTime:0.000000s ]
INFO: [ app_begin ] --START--
INFO: Run Behavior\ReadHtmlCacheBehavior [ RunTime:0.001000s ]
INFO: [ app_begin ] --END-- [ RunTime:0.001000s ]
SQL: SHOW COLUMNS FROM `article` [ RunTime:0.0080s ]
SQL: SELECT * FROM `article` WHERE ( is_delete='0' ) ORDER BY add_time desc LIMIT 3   [ RunTime:0.0010s ]
SQL: SELECT * FROM `article` WHERE ( is_delete='0' ) ORDER BY praises desc LIMIT 5   [ RunTime:0.0010s ]
SQL: SHOW COLUMNS FROM `category` [ RunTime:0.0060s ]
SQL: SELECT * FROM `category`  [ RunTime:0.0000s ]
INFO: [ view_parse ] --START--
INFO: [ template_filter ] --START--
INFO: Run Behavior\ContentReplaceBehavior [ RunTime:0.000000s ]
INFO: [ template_filter ] --END-- [ RunTime:0.000000s ]
INFO: Run Behavior\ParseTemplateBehavior [ RunTime:0.035002s ]
INFO: [ view_parse ] --END-- [ RunTime:0.035002s ]
INFO: [ view_filter ] --START--
INFO: Run Behavior\WriteHtmlCacheBehavior [ RunTime:0.000000s ]
INFO: [ view_filter ] --END-- [ RunTime:0.000000s ]
INFO: [ app_end ] --START--
INFO: Run Behavior\ShowPageTraceBehavior [ RunTime:0.001000s ]
INFO: [ app_end ] --END-- [ RunTime:0.001000s ]

[ 2016-11-23T08:10:38+08:00 ] 127.0.0.1 /practical/blog1/
INFO: [ app_init ] --START--
INFO: Run Behavior\BuildLiteBehavior [ RunTime:0.000000s ]
INFO: [ app_init ] --END-- [ RunTime:0.001000s ]
INFO: [ app_begin ] --START--
INFO: Run Behavior\ReadHtmlCacheBehavior [ RunTime:0.000000s ]
INFO: [ app_begin ] --END-- [ RunTime:0.000000s ]
SQL: SHOW COLUMNS FROM `article` [ RunTime:0.0070s ]
SQL: SELECT * FROM `article` WHERE ( is_delete='0' ) ORDER BY add_time desc LIMIT 3   [ RunTime:0.0010s ]
SQL: SELECT * FROM `article` WHERE ( is_delete='0' ) ORDER BY praises desc LIMIT 5   [ RunTime:0.0000s ]
SQL: SHOW COLUMNS FROM `category` [ RunTime:0.0070s ]
SQL: SELECT * FROM `category`  [ RunTime:0.0000s ]
INFO: [ view_parse ] --START--
INFO: [ template_filter ] --START--
INFO: Run Behavior\ContentReplaceBehavior [ RunTime:0.001000s ]
INFO: [ template_filter ] --END-- [ RunTime:0.001000s ]
INFO: Run Behavior\ParseTemplateBehavior [ RunTime:0.032002s ]
INFO: [ view_parse ] --END-- [ RunTime:0.032002s ]
INFO: [ view_filter ] --START--
INFO: Run Behavior\WriteHtmlCacheBehavior [ RunTime:0.001000s ]
INFO: [ view_filter ] --END-- [ RunTime:0.001000s ]
INFO: [ app_end ] --START--
INFO: Run Behavior\ShowPageTraceBehavior [ RunTime:0.000000s ]
INFO: [ app_end ] --END-- [ RunTime:0.000000s ]

[ 2016-11-23T08:18:19+08:00 ] 127.0.0.1 /practical/blog1/
INFO: [ app_init ] --START--
INFO: Run Behavior\BuildLiteBehavior [ RunTime:0.000000s ]
INFO: [ app_init ] --END-- [ RunTime:0.001000s ]
INFO: [ app_begin ] --START--
INFO: Run Behavior\ReadHtmlCacheBehavior [ RunTime:0.001000s ]
INFO: [ app_begin ] --END-- [ RunTime:0.001000s ]
SQL: SHOW COLUMNS FROM `article` [ RunTime:0.0100s ]
SQL: SELECT * FROM `article` WHERE ( is_delete='0' ) ORDER BY add_time desc LIMIT 3   [ RunTime:0.0010s ]
SQL: SELECT * FROM `article` WHERE ( is_delete='0' ) ORDER BY praises desc LIMIT 5   [ RunTime:0.0000s ]
SQL: SHOW COLUMNS FROM `category` [ RunTime:0.0080s ]
SQL: SELECT * FROM `category`  [ RunTime:0.0000s ]
INFO: [ view_parse ] --START--
INFO: [ template_filter ] --START--
INFO: Run Behavior\ContentReplaceBehavior [ RunTime:0.001000s ]
INFO: [ template_filter ] --END-- [ RunTime:0.001000s ]
INFO: Run Behavior\ParseTemplateBehavior [ RunTime:0.049003s ]
INFO: [ view_parse ] --END-- [ RunTime:0.049003s ]
INFO: [ view_filter ] --START--
INFO: Run Behavior\WriteHtmlCacheBehavior [ RunTime:0.001000s ]
INFO: [ view_filter ] --END-- [ RunTime:0.001000s ]
INFO: [ app_end ] --START--
INFO: Run Behavior\ShowPageTraceBehavior [ RunTime:0.001000s ]
INFO: [ app_end ] --END-- [ RunTime:0.001000s ]

[ 2016-11-23T08:19:25+08:00 ] 127.0.0.1 /practical/blog1/
INFO: [ app_init ] --START--
INFO: Run Behavior\BuildLiteBehavior [ RunTime:0.000000s ]
INFO: [ app_init ] --END-- [ RunTime:0.000000s ]
INFO: [ app_begin ] --START--
INFO: Run Behavior\ReadHtmlCacheBehavior [ RunTime:0.001000s ]
INFO: [ app_begin ] --END-- [ RunTime:0.001000s ]
SQL: SHOW COLUMNS FROM `article` [ RunTime:0.0060s ]
SQL: SELECT * FROM `article` WHERE ( is_delete='0' ) ORDER BY add_time desc LIMIT 3   [ RunTime:0.0000s ]
SQL: SELECT * FROM `article` WHERE ( is_delete='0' ) ORDER BY praises desc LIMIT 5   [ RunTime:0.0000s ]
SQL: SHOW COLUMNS FROM `category` [ RunTime:0.0090s ]
SQL: SELECT * FROM `category`  [ RunTime:0.0000s ]
INFO: [ view_parse ] --START--
INFO: [ template_filter ] --START--
INFO: Run Behavior\ContentReplaceBehavior [ RunTime:0.001000s ]
INFO: [ template_filter ] --END-- [ RunTime:0.001000s ]
INFO: Run Behavior\ParseTemplateBehavior [ RunTime:0.035002s ]
INFO: [ view_parse ] --END-- [ RunTime:0.035002s ]
INFO: [ view_filter ] --START--
INFO: Run Behavior\WriteHtmlCacheBehavior [ RunTime:0.001000s ]
INFO: [ view_filter ] --END-- [ RunTime:0.001000s ]
INFO: [ app_end ] --START--
INFO: Run Behavior\ShowPageTraceBehavior [ RunTime:0.001000s ]
INFO: [ app_end ] --END-- [ RunTime:0.001000s ]

[ 2016-11-23T08:19:49+08:00 ] 127.0.0.1 /practical/blog1/
INFO: [ app_init ] --START--
INFO: Run Behavior\BuildLiteBehavior [ RunTime:0.001000s ]
INFO: [ app_init ] --END-- [ RunTime:0.001000s ]
INFO: [ app_begin ] --START--
INFO: Run Behavior\ReadHtmlCacheBehavior [ RunTime:0.000000s ]
INFO: [ app_begin ] --END-- [ RunTime:0.000000s ]
SQL: SHOW COLUMNS FROM `article` [ RunTime:0.0070s ]
SQL: SELECT * FROM `article` WHERE ( is_delete='0' ) ORDER BY add_time desc LIMIT 3   [ RunTime:0.0010s ]
SQL: SELECT * FROM `article` WHERE ( is_delete='0' ) ORDER BY praises desc LIMIT 5   [ RunTime:0.0010s ]
SQL: SHOW COLUMNS FROM `category` [ RunTime:0.0070s ]
SQL: SELECT * FROM `category`  [ RunTime:0.0010s ]
INFO: [ view_parse ] --START--
INFO: [ template_filter ] --START--
INFO: Run Behavior\ContentReplaceBehavior [ RunTime:0.001000s ]
INFO: [ template_filter ] --END-- [ RunTime:0.001000s ]
INFO: Run Behavior\ParseTemplateBehavior [ RunTime:0.034002s ]
INFO: [ view_parse ] --END-- [ RunTime:0.034002s ]
INFO: [ view_filter ] --START--
INFO: Run Behavior\WriteHtmlCacheBehavior [ RunTime:0.000000s ]
INFO: [ view_filter ] --END-- [ RunTime:0.000000s ]
INFO: [ app_end ] --START--
INFO: Run Behavior\ShowPageTraceBehavior [ RunTime:0.000000s ]
INFO: [ app_end ] --END-- [ RunTime:0.000000s ]

[ 2016-11-23T08:20:13+08:00 ] 127.0.0.1 /practical/blog1/
INFO: [ app_init ] --START--
INFO: Run Behavior\BuildLiteBehavior [ RunTime:0.000000s ]
INFO: [ app_init ] --END-- [ RunTime:0.000000s ]
INFO: [ app_begin ] --START--
INFO: Run Behavior\ReadHtmlCacheBehavior [ RunTime:0.001000s ]
INFO: [ app_begin ] --END-- [ RunTime:0.001000s ]
SQL: SHOW COLUMNS FROM `article` [ RunTime:0.0070s ]
SQL: SELECT * FROM `article` WHERE ( is_delete='0' ) ORDER BY add_time desc LIMIT 3   [ RunTime:0.0000s ]
SQL: SELECT * FROM `article` WHERE ( is_delete='0' ) ORDER BY praises desc LIMIT 5   [ RunTime:0.0000s ]
SQL: SHOW COLUMNS FROM `category` [ RunTime:0.0050s ]
SQL: SELECT * FROM `category`  [ RunTime:0.0000s ]
INFO: [ view_parse ] --START--
INFO: [ template_filter ] --START--
INFO: Run Behavior\ContentReplaceBehavior [ RunTime:0.001000s ]
INFO: [ template_filter ] --END-- [ RunTime:0.001000s ]
INFO: Run Behavior\ParseTemplateBehavior [ RunTime:0.038002s ]
INFO: [ view_parse ] --END-- [ RunTime:0.038002s ]
INFO: [ view_filter ] --START--
INFO: Run Behavior\WriteHtmlCacheBehavior [ RunTime:0.000000s ]
INFO: [ view_filter ] --END-- [ RunTime:0.000000s ]
INFO: [ app_end ] --START--
INFO: Run Behavior\ShowPageTraceBehavior [ RunTime:0.001000s ]
INFO: [ app_end ] --END-- [ RunTime:0.001000s ]

[ 2016-11-23T08:27:01+08:00 ] 127.0.0.1 /practical/blog1/
INFO: [ app_init ] --START--
INFO: Run Behavior\BuildLiteBehavior [ RunTime:0.000000s ]
INFO: [ app_init ] --END-- [ RunTime:0.000000s ]
INFO: [ app_begin ] --START--
INFO: Run Behavior\ReadHtmlCacheBehavior [ RunTime:0.002000s ]
INFO: [ app_begin ] --END-- [ RunTime:0.002000s ]
SQL: SHOW COLUMNS FROM `article` [ RunTime:0.0080s ]
SQL: SELECT * FROM `article` WHERE ( is_delete='0' ) ORDER BY add_time desc LIMIT 3   [ RunTime:0.0010s ]
SQL: SELECT * FROM `article` WHERE ( is_delete='0' ) ORDER BY praises desc LIMIT 5   [ RunTime:0.0020s ]
SQL: SHOW COLUMNS FROM `category` [ RunTime:0.0080s ]
SQL: SELECT * FROM `category`  [ RunTime:0.0000s ]
INFO: [ view_parse ] --START--
INFO: [ template_filter ] --START--
INFO: Run Behavior\ContentReplaceBehavior [ RunTime:0.001000s ]
INFO: [ template_filter ] --END-- [ RunTime:0.001000s ]
INFO: Run Behavior\ParseTemplateBehavior [ RunTime:0.050003s ]
INFO: [ view_parse ] --END-- [ RunTime:0.050003s ]
INFO: [ view_filter ] --START--
INFO: Run Behavior\WriteHtmlCacheBehavior [ RunTime:0.000000s ]
INFO: [ view_filter ] --END-- [ RunTime:0.000000s ]
INFO: [ app_end ] --START--
INFO: Run Behavior\ShowPageTraceBehavior [ RunTime:0.001000s ]
INFO: [ app_end ] --END-- [ RunTime:0.001000s ]

[ 2016-11-23T08:27:55+08:00 ] 127.0.0.1 /practical/blog1/
INFO: [ app_init ] --START--
INFO: Run Behavior\BuildLiteBehavior [ RunTime:0.000000s ]
INFO: [ app_init ] --END-- [ RunTime:0.001000s ]
INFO: [ app_begin ] --START--
INFO: Run Behavior\ReadHtmlCacheBehavior [ RunTime:0.000000s ]
INFO: [ app_begin ] --END-- [ RunTime:0.000000s ]
SQL: SHOW COLUMNS FROM `article` [ RunTime:0.0080s ]
SQL: SELECT * FROM `article` WHERE ( is_delete='0' ) ORDER BY add_time desc LIMIT 3   [ RunTime:0.0010s ]
SQL: SELECT * FROM `article` WHERE ( is_delete='0' ) ORDER BY praises desc LIMIT 5   [ RunTime:0.0000s ]
SQL: SHOW COLUMNS FROM `category` [ RunTime:0.0090s ]
SQL: SELECT * FROM `category`  [ RunTime:0.0000s ]
INFO: [ view_parse ] --START--
INFO: [ template_filter ] --START--
INFO: Run Behavior\ContentReplaceBehavior [ RunTime:0.001000s ]
INFO: [ template_filter ] --END-- [ RunTime:0.001000s ]
INFO: Run Behavior\ParseTemplateBehavior [ RunTime:0.035002s ]
INFO: [ view_parse ] --END-- [ RunTime:0.035002s ]
INFO: [ view_filter ] --START--
INFO: Run Behavior\WriteHtmlCacheBehavior [ RunTime:0.000000s ]
INFO: [ view_filter ] --END-- [ RunTime:0.000000s ]
INFO: [ app_end ] --START--
INFO: Run Behavior\ShowPageTraceBehavior [ RunTime:0.001000s ]
INFO: [ app_end ] --END-- [ RunTime:0.001000s ]

[ 2016-11-23T08:28:24+08:00 ] 127.0.0.1 /practical/blog1/
INFO: [ app_init ] --START--
INFO: Run Behavior\BuildLiteBehavior [ RunTime:0.000000s ]
INFO: [ app_init ] --END-- [ RunTime:0.000000s ]
INFO: [ app_begin ] --START--
INFO: Run Behavior\ReadHtmlCacheBehavior [ RunTime:0.000000s ]
INFO: [ app_begin ] --END-- [ RunTime:0.000000s ]
SQL: SHOW COLUMNS FROM `article` [ RunTime:0.0050s ]
SQL: SELECT * FROM `article` WHERE ( is_delete='0' ) ORDER BY add_time desc LIMIT 3   [ RunTime:0.0010s ]
SQL: SELECT * FROM `article` WHERE ( is_delete='0' ) ORDER BY praises desc LIMIT 5   [ RunTime:0.0000s ]
SQL: SHOW COLUMNS FROM `category` [ RunTime:0.0080s ]
SQL: SELECT * FROM `category`  [ RunTime:0.0000s ]
INFO: [ view_parse ] --START--
INFO: [ template_filter ] --START--
INFO: Run Behavior\ContentReplaceBehavior [ RunTime:0.001001s ]
INFO: [ template_filter ] --END-- [ RunTime:0.001001s ]
INFO: Run Behavior\ParseTemplateBehavior [ RunTime:0.038002s ]
INFO: [ view_parse ] --END-- [ RunTime:0.038002s ]
INFO: [ view_filter ] --START--
INFO: Run Behavior\WriteHtmlCacheBehavior [ RunTime:0.000000s ]
INFO: [ view_filter ] --END-- [ RunTime:0.000000s ]
INFO: [ app_end ] --START--
INFO: Run Behavior\ShowPageTraceBehavior [ RunTime:0.001000s ]
INFO: [ app_end ] --END-- [ RunTime:0.001000s ]

[ 2016-11-23T08:30:34+08:00 ] 127.0.0.1 /practical/blog1/
INFO: [ app_init ] --START--
INFO: Run Behavior\BuildLiteBehavior [ RunTime:0.000000s ]
INFO: [ app_init ] --END-- [ RunTime:0.001000s ]
INFO: [ app_begin ] --START--
INFO: Run Behavior\ReadHtmlCacheBehavior [ RunTime:0.000000s ]
INFO: [ app_begin ] --END-- [ RunTime:0.000000s ]
SQL: SHOW COLUMNS FROM `article` [ RunTime:0.0070s ]
SQL: SELECT * FROM `article` WHERE ( is_delete='0' ) ORDER BY add_time desc LIMIT 3   [ RunTime:0.0010s ]
SQL: SELECT * FROM `article` WHERE ( is_delete='0' ) ORDER BY praises desc LIMIT 5   [ RunTime:0.0010s ]
SQL: SHOW COLUMNS FROM `category` [ RunTime:0.0080s ]
SQL: SELECT * FROM `category`  [ RunTime:0.0000s ]
INFO: [ view_parse ] --START--
INFO: [ template_filter ] --START--
INFO: Run Behavior\ContentReplaceBehavior [ RunTime:0.001000s ]
INFO: [ template_filter ] --END-- [ RunTime:0.001000s ]
INFO: Run Behavior\ParseTemplateBehavior [ RunTime:0.034002s ]
INFO: [ view_parse ] --END-- [ RunTime:0.034002s ]
INFO: [ view_filter ] --START--
INFO: Run Behavior\WriteHtmlCacheBehavior [ RunTime:0.001000s ]
INFO: [ view_filter ] --END-- [ RunTime:0.001000s ]
INFO: [ app_end ] --START--
INFO: Run Behavior\ShowPageTraceBehavior [ RunTime:0.000000s ]
INFO: [ app_end ] --END-- [ RunTime:0.000000s ]

[ 2016-11-23T08:36:21+08:00 ] 127.0.0.1 /practical/blog1/
INFO: [ app_init ] --START--
INFO: Run Behavior\BuildLiteBehavior [ RunTime:0.000000s ]
INFO: [ app_init ] --END-- [ RunTime:0.000000s ]
INFO: [ app_begin ] --START--
INFO: Run Behavior\ReadHtmlCacheBehavior [ RunTime:0.001000s ]
INFO: [ app_begin ] --END-- [ RunTime:0.001000s ]
SQL: SHOW COLUMNS FROM `article` [ RunTime:0.0070s ]
SQL: SELECT * FROM `article` WHERE ( is_delete='0' ) ORDER BY add_time desc LIMIT 3   [ RunTime:0.0000s ]
SQL: SELECT * FROM `article` WHERE ( is_delete='0' ) ORDER BY praises desc LIMIT 5   [ RunTime:0.0010s ]
SQL: SHOW COLUMNS FROM `category` [ RunTime:0.0060s ]
SQL: SELECT * FROM `category`  [ RunTime:0.0000s ]
INFO: [ view_parse ] --START--
INFO: [ template_filter ] --START--
INFO: Run Behavior\ContentReplaceBehavior [ RunTime:0.000000s ]
INFO: [ template_filter ] --END-- [ RunTime:0.000000s ]
INFO: Run Behavior\ParseTemplateBehavior [ RunTime:0.025001s ]
INFO: [ view_parse ] --END-- [ RunTime:0.025001s ]
INFO: [ view_filter ] --START--
INFO: Run Behavior\WriteHtmlCacheBehavior [ RunTime:0.001000s ]
INFO: [ view_filter ] --END-- [ RunTime:0.001000s ]
INFO: [ app_end ] --START--
INFO: Run Behavior\ShowPageTraceBehavior [ RunTime:0.000000s ]
INFO: [ app_end ] --END-- [ RunTime:0.001000s ]

[ 2016-11-23T08:36:34+08:00 ] 127.0.0.1 /practical/blog1/
INFO: [ app_init ] --START--
INFO: Run Behavior\BuildLiteBehavior [ RunTime:0.000000s ]
INFO: [ app_init ] --END-- [ RunTime:0.001000s ]
INFO: [ app_begin ] --START--
INFO: Run Behavior\ReadHtmlCacheBehavior [ RunTime:0.000000s ]
INFO: [ app_begin ] --END-- [ RunTime:0.000000s ]
SQL: SHOW COLUMNS FROM `article` [ RunTime:0.0070s ]
SQL: SELECT * FROM `article` WHERE ( is_delete='0' ) ORDER BY add_time desc LIMIT 3   [ RunTime:0.0000s ]
SQL: SELECT * FROM `article` WHERE ( is_delete='0' ) ORDER BY praises desc LIMIT 5   [ RunTime:0.0000s ]
SQL: SHOW COLUMNS FROM `category` [ RunTime:0.0050s ]
SQL: SELECT * FROM `category`  [ RunTime:0.0000s ]
INFO: [ view_parse ] --START--
INFO: [ template_filter ] --START--
INFO: Run Behavior\ContentReplaceBehavior [ RunTime:0.000000s ]
INFO: [ template_filter ] --END-- [ RunTime:0.000000s ]
INFO: Run Behavior\ParseTemplateBehavior [ RunTime:0.013000s ]
INFO: [ view_parse ] --END-- [ RunTime:0.013000s ]
INFO: [ view_filter ] --START--
INFO: Run Behavior\WriteHtmlCacheBehavior [ RunTime:0.000000s ]
INFO: [ view_filter ] --END-- [ RunTime:0.000000s ]
INFO: [ app_end ] --START--
INFO: Run Behavior\ShowPageTraceBehavior [ RunTime:0.001000s ]
INFO: [ app_end ] --END-- [ RunTime:0.001000s ]

[ 2016-11-23T08:36:55+08:00 ] 127.0.0.1 /practical/blog1/
INFO: [ app_init ] --START--
INFO: Run Behavior\BuildLiteBehavior [ RunTime:0.001000s ]
INFO: [ app_init ] --END-- [ RunTime:0.001000s ]
INFO: [ app_begin ] --START--
INFO: Run Behavior\ReadHtmlCacheBehavior [ RunTime:0.000000s ]
INFO: [ app_begin ] --END-- [ RunTime:0.000000s ]
SQL: SHOW COLUMNS FROM `article` [ RunTime:0.0090s ]
SQL: SELECT * FROM `article` WHERE ( is_delete='0' ) ORDER BY add_time desc LIMIT 3   [ RunTime:0.0010s ]
SQL: SELECT * FROM `article` WHERE ( is_delete='0' ) ORDER BY praises desc LIMIT 5   [ RunTime:0.0000s ]
SQL: SHOW COLUMNS FROM `category` [ RunTime:0.0060s ]
SQL: SELECT * FROM `category`  [ RunTime:0.0010s ]
INFO: [ view_parse ] --START--
INFO: [ template_filter ] --START--
INFO: Run Behavior\ContentReplaceBehavior [ RunTime:0.000000s ]
INFO: [ template_filter ] --END-- [ RunTime:0.000000s ]
INFO: Run Behavior\ParseTemplateBehavior [ RunTime:0.034002s ]
INFO: [ view_parse ] --END-- [ RunTime:0.034002s ]
INFO: [ view_filter ] --START--
INFO: Run Behavior\WriteHtmlCacheBehavior [ RunTime:0.001000s ]
INFO: [ view_filter ] --END-- [ RunTime:0.001000s ]
INFO: [ app_end ] --START--
INFO: Run Behavior\ShowPageTraceBehavior [ RunTime:0.001000s ]
INFO: [ app_end ] --END-- [ RunTime:0.001000s ]

[ 2016-11-23T09:11:54+08:00 ] 127.0.0.1 /practical/blog1/
INFO: [ app_init ] --START--
INFO: Run Behavior\BuildLiteBehavior [ RunTime:0.000000s ]
INFO: [ app_init ] --END-- [ RunTime:0.001000s ]
INFO: [ app_begin ] --START--
INFO: Run Behavior\ReadHtmlCacheBehavior [ RunTime:0.000000s ]
INFO: [ app_begin ] --END-- [ RunTime:0.000000s ]
SQL: SHOW COLUMNS FROM `category` [ RunTime:0.0080s ]
SQL: SELECT * FROM `category`  [ RunTime:0.0010s ]
INFO: [ app_end ] --START--
INFO: Run Behavior\ShowPageTraceBehavior [ RunTime:0.001001s ]
INFO: [ app_end ] --END-- [ RunTime:0.001001s ]

[ 2016-11-23T09:11:58+08:00 ] 127.0.0.1 /practical/blog1/
INFO: [ app_init ] --START--
INFO: Run Behavior\BuildLiteBehavior [ RunTime:0.000000s ]
INFO: [ app_init ] --END-- [ RunTime:0.000000s ]
INFO: [ app_begin ] --START--
INFO: Run Behavior\ReadHtmlCacheBehavior [ RunTime:0.000000s ]
INFO: [ app_begin ] --END-- [ RunTime:0.000000s ]
SQL: SHOW COLUMNS FROM `category` [ RunTime:0.0060s ]
SQL: SELECT * FROM `category`  [ RunTime:0.0010s ]
INFO: [ app_end ] --START--
INFO: Run Behavior\ShowPageTraceBehavior [ RunTime:0.000000s ]
INFO: [ app_end ] --END-- [ RunTime:0.000000s ]

[ 2016-11-23T09:12:30+08:00 ] 127.0.0.1 /practical/blog1/
INFO: [ app_init ] --START--
INFO: Run Behavior\BuildLiteBehavior [ RunTime:0.000000s ]
INFO: [ app_init ] --END-- [ RunTime:0.000000s ]
INFO: [ app_begin ] --START--
INFO: Run Behavior\ReadHtmlCacheBehavior [ RunTime:0.000000s ]
INFO: [ app_begin ] --END-- [ RunTime:0.000000s ]
SQL: SHOW COLUMNS FROM `article` [ RunTime:0.0080s ]
SQL: SELECT * FROM `article` WHERE ( is_delete='0' ) ORDER BY add_time desc LIMIT 3   [ RunTime:0.0000s ]
SQL: SELECT * FROM `article` WHERE ( is_delete='0' ) ORDER BY praises desc LIMIT 5   [ RunTime:0.0000s ]
SQL: SHOW COLUMNS FROM `category` [ RunTime:0.0060s ]
SQL: SELECT * FROM `category`  [ RunTime:0.0010s ]
INFO: [ view_parse ] --START--
INFO: [ template_filter ] --START--
INFO: Run Behavior\ContentReplaceBehavior [ RunTime:0.000000s ]
INFO: [ template_filter ] --END-- [ RunTime:0.000000s ]
NOTIC: [8] Undefined index: cate_id E:\web\www\practical\blog1\Application\Runtime\Cache\Home\5f5878b563bbd0551b6c84d71156b7e9.php 第 30 行.
NOTIC: [8] Undefined index: cate_name E:\web\www\practical\blog1\Application\Runtime\Cache\Home\5f5878b563bbd0551b6c84d71156b7e9.php 第 30 行.
NOTIC: [8] Undefined index: cate_name E:\web\www\practical\blog1\Application\Runtime\Cache\Home\5f5878b563bbd0551b6c84d71156b7e9.php 第 30 行.
NOTIC: [8] Undefined index: cate_id E:\web\www\practical\blog1\Application\Runtime\Cache\Home\5f5878b563bbd0551b6c84d71156b7e9.php 第 30 行.
NOTIC: [8] Undefined index: cate_name E:\web\www\practical\blog1\Application\Runtime\Cache\Home\5f5878b563bbd0551b6c84d71156b7e9.php 第 30 行.
NOTIC: [8] Undefined index: cate_name E:\web\www\practical\blog1\Application\Runtime\Cache\Home\5f5878b563bbd0551b6c84d71156b7e9.php 第 30 行.
NOTIC: [8] Undefined index: cate_id E:\web\www\practical\blog1\Application\Runtime\Cache\Home\5f5878b563bbd0551b6c84d71156b7e9.php 第 30 行.
NOTIC: [8] Undefined index: cate_name E:\web\www\practical\blog1\Application\Runtime\Cache\Home\5f5878b563bbd0551b6c84d71156b7e9.php 第 30 行.
NOTIC: [8] Undefined index: cate_name E:\web\www\practical\blog1\Application\Runtime\Cache\Home\5f5878b563bbd0551b6c84d71156b7e9.php 第 30 行.
NOTIC: [8] Undefined index: cate_id E:\web\www\practical\blog1\Application\Runtime\Cache\Home\5f5878b563bbd0551b6c84d71156b7e9.php 第 30 行.
NOTIC: [8] Undefined index: cate_name E:\web\www\practical\blog1\Application\Runtime\Cache\Home\5f5878b563bbd0551b6c84d71156b7e9.php 第 30 行.
NOTIC: [8] Undefined index: cate_name E:\web\www\practical\blog1\Application\Runtime\Cache\Home\5f5878b563bbd0551b6c84d71156b7e9.php 第 30 行.
NOTIC: [8] Undefined index: cate_id E:\web\www\practical\blog1\Application\Runtime\Cache\Home\5f5878b563bbd0551b6c84d71156b7e9.php 第 30 行.
NOTIC: [8] Undefined index: cate_name E:\web\www\practical\blog1\Application\Runtime\Cache\Home\5f5878b563bbd0551b6c84d71156b7e9.php 第 30 行.
NOTIC: [8] Undefined index: cate_name E:\web\www\practical\blog1\Application\Runtime\Cache\Home\5f5878b563bbd0551b6c84d71156b7e9.php 第 30 行.
NOTIC: [8] Undefined index: cate_id E:\web\www\practical\blog1\Application\Runtime\Cache\Home\5f5878b563bbd0551b6c84d71156b7e9.php 第 30 行.
NOTIC: [8] Undefined index: cate_name E:\web\www\practical\blog1\Application\Runtime\Cache\Home\5f5878b563bbd0551b6c84d71156b7e9.php 第 30 行.
NOTIC: [8] Undefined index: cate_name E:\web\www\practical\blog1\Application\Runtime\Cache\Home\5f5878b563bbd0551b6c84d71156b7e9.php 第 30 行.
NOTIC: [8] Undefined index: cate_id E:\web\www\practical\blog1\Application\Runtime\Cache\Home\5f5878b563bbd0551b6c84d71156b7e9.php 第 30 行.
NOTIC: [8] Undefined index: cate_name E:\web\www\practical\blog1\Application\Runtime\Cache\Home\5f5878b563bbd0551b6c84d71156b7e9.php 第 30 行.
NOTIC: [8] Undefined index: cate_name E:\web\www\practical\blog1\Application\Runtime\Cache\Home\5f5878b563bbd0551b6c84d71156b7e9.php 第 30 行.
NOTIC: [8] Undefined index: cate_id E:\web\www\practical\blog1\Application\Runtime\Cache\Home\5f5878b563bbd0551b6c84d71156b7e9.php 第 30 行.
NOTIC: [8] Undefined index: cate_name E:\web\www\practical\blog1\Application\Runtime\Cache\Home\5f5878b563bbd0551b6c84d71156b7e9.php 第 30 行.
NOTIC: [8] Undefined index: cate_name E:\web\www\practical\blog1\Application\Runtime\Cache\Home\5f5878b563bbd0551b6c84d71156b7e9.php 第 30 行.
NOTIC: [8] Undefined index: cate_id E:\web\www\practical\blog1\Application\Runtime\Cache\Home\5f5878b563bbd0551b6c84d71156b7e9.php 第 30 行.
NOTIC: [8] Undefined index: cate_name E:\web\www\practical\blog1\Application\Runtime\Cache\Home\5f5878b563bbd0551b6c84d71156b7e9.php 第 30 行.
NOTIC: [8] Undefined index: cate_name E:\web\www\practical\blog1\Application\Runtime\Cache\Home\5f5878b563bbd0551b6c84d71156b7e9.php 第 30 行.
NOTIC: [8] Undefined index: cate_id E:\web\www\practical\blog1\Application\Runtime\Cache\Home\5f5878b563bbd0551b6c84d71156b7e9.php 第 30 行.
NOTIC: [8] Undefined index: cate_name E:\web\www\practical\blog1\Application\Runtime\Cache\Home\5f5878b563bbd0551b6c84d71156b7e9.php 第 30 行.
NOTIC: [8] Undefined index: cate_name E:\web\www\practical\blog1\Application\Runtime\Cache\Home\5f5878b563bbd0551b6c84d71156b7e9.php 第 30 行.
NOTIC: [8] Undefined index: cate_id E:\web\www\practical\blog1\Application\Runtime\Cache\Home\5f5878b563bbd0551b6c84d71156b7e9.php 第 30 行.
NOTIC: [8] Undefined index: cate_name E:\web\www\practical\blog1\Application\Runtime\Cache\Home\5f5878b563bbd0551b6c84d71156b7e9.php 第 30 行.
NOTIC: [8] Undefined index: cate_name E:\web\www\practical\blog1\Application\Runtime\Cache\Home\5f5878b563bbd0551b6c84d71156b7e9.php 第 30 行.
NOTIC: [8] Undefined index: cate_id E:\web\www\practical\blog1\Application\Runtime\Cache\Home\5f5878b563bbd0551b6c84d71156b7e9.php 第 30 行.
NOTIC: [8] Undefined index: cate_name E:\web\www\practical\blog1\Application\Runtime\Cache\Home\5f5878b563bbd0551b6c84d71156b7e9.php 第 30 行.
NOTIC: [8] Undefined index: cate_name E:\web\www\practical\blog1\Application\Runtime\Cache\Home\5f5878b563bbd0551b6c84d71156b7e9.php 第 30 行.
NOTIC: [8] Undefined index: cate_id E:\web\www\practical\blog1\Application\Runtime\Cache\Home\5f5878b563bbd0551b6c84d71156b7e9.php 第 30 行.
NOTIC: [8] Undefined index: cate_name E:\web\www\practical\blog1\Application\Runtime\Cache\Home\5f5878b563bbd0551b6c84d71156b7e9.php 第 30 行.
NOTIC: [8] Undefined index: cate_name E:\web\www\practical\blog1\Application\Runtime\Cache\Home\5f5878b563bbd0551b6c84d71156b7e9.php 第 30 行.
NOTIC: [8] Undefined index: cate_id E:\web\www\practical\blog1\Application\Runtime\Cache\Home\5f5878b563bbd0551b6c84d71156b7e9.php 第 30 行.
NOTIC: [8] Undefined index: cate_name E:\web\www\practical\blog1\Application\Runtime\Cache\Home\5f5878b563bbd0551b6c84d71156b7e9.php 第 30 行.
NOTIC: [8] Undefined index: cate_name E:\web\www\practical\blog1\Application\Runtime\Cache\Home\5f5878b563bbd0551b6c84d71156b7e9.php 第 30 行.
NOTIC: [8] Undefined index: cate_id E:\web\www\practical\blog1\Application\Runtime\Cache\Home\5f5878b563bbd0551b6c84d71156b7e9.php 第 30 行.
NOTIC: [8] Undefined index: cate_name E:\web\www\practical\blog1\Application\Runtime\Cache\Home\5f5878b563bbd0551b6c84d71156b7e9.php 第 30 行.
NOTIC: [8] Undefined index: cate_name E:\web\www\practical\blog1\Application\Runtime\Cache\Home\5f5878b563bbd0551b6c84d71156b7e9.php 第 30 行.
NOTIC: [8] Undefined index: cate_id E:\web\www\practical\blog1\Application\Runtime\Cache\Home\5f5878b563bbd0551b6c84d71156b7e9.php 第 30 行.
NOTIC: [8] Undefined index: cate_name E:\web\www\practical\blog1\Application\Runtime\Cache\Home\5f5878b563bbd0551b6c84d71156b7e9.php 第 30 行.
NOTIC: [8] Undefined index: cate_name E:\web\www\practical\blog1\Application\Runtime\Cache\Home\5f5878b563bbd0551b6c84d71156b7e9.php 第 30 行.
NOTIC: [8] Undefined index: cate_id E:\web\www\practical\blog1\Application\Runtime\Cache\Home\5f5878b563bbd0551b6c84d71156b7e9.php 第 30 行.
NOTIC: [8] Undefined index: cate_name E:\web\www\practical\blog1\Application\Runtime\Cache\Home\5f5878b563bbd0551b6c84d71156b7e9.php 第 30 行.
NOTIC: [8] Undefined index: cate_name E:\web\www\practical\blog1\Application\Runtime\Cache\Home\5f5878b563bbd0551b6c84d71156b7e9.php 第 30 行.
NOTIC: [8] Undefined index: cate_id E:\web\www\practical\blog1\Application\Runtime\Cache\Home\5f5878b563bbd0551b6c84d71156b7e9.php 第 30 行.
NOTIC: [8] Undefined index: cate_name E:\web\www\practical\blog1\Application\Runtime\Cache\Home\5f5878b563bbd0551b6c84d71156b7e9.php 第 30 行.
NOTIC: [8] Undefined index: cate_name E:\web\www\practical\blog1\Application\Runtime\Cache\Home\5f5878b563bbd0551b6c84d71156b7e9.php 第 30 行.
NOTIC: [8] Undefined index: cate_id E:\web\www\practical\blog1\Application\Runtime\Cache\Home\5f5878b563bbd0551b6c84d71156b7e9.php 第 30 行.
NOTIC: [8] Undefined index: cate_name E:\web\www\practical\blog1\Application\Runtime\Cache\Home\5f5878b563bbd0551b6c84d71156b7e9.php 第 30 行.
NOTIC: [8] Undefined index: cate_name E:\web\www\practical\blog1\Application\Runtime\Cache\Home\5f5878b563bbd0551b6c84d71156b7e9.php 第 30 行.
NOTIC: [8] Undefined index: cate_id E:\web\www\practical\blog1\Application\Runtime\Cache\Home\5f5878b563bbd0551b6c84d71156b7e9.php 第 30 行.
NOTIC: [8] Undefined index: cate_name E:\web\www\practical\blog1\Application\Runtime\Cache\Home\5f5878b563bbd0551b6c84d71156b7e9.php 第 30 行.
NOTIC: [8] Undefined index: cate_name E:\web\www\practical\blog1\Application\Runtime\Cache\Home\5f5878b563bbd0551b6c84d71156b7e9.php 第 30 行.
NOTIC: [8] Undefined index: cate_id E:\web\www\practical\blog1\Application\Runtime\Cache\Home\5f5878b563bbd0551b6c84d71156b7e9.php 第 30 行.
NOTIC: [8] Undefined index: cate_name E:\web\www\practical\blog1\Application\Runtime\Cache\Home\5f5878b563bbd0551b6c84d71156b7e9.php 第 30 行.
NOTIC: [8] Undefined index: cate_name E:\web\www\practical\blog1\Application\Runtime\Cache\Home\5f5878b563bbd0551b6c84d71156b7e9.php 第 30 行.
NOTIC: [8] Undefined index: cate_id E:\web\www\practical\blog1\Application\Runtime\Cache\Home\5f5878b563bbd0551b6c84d71156b7e9.php 第 30 行.
NOTIC: [8] Undefined index: cate_name E:\web\www\practical\blog1\Application\Runtime\Cache\Home\5f5878b563bbd0551b6c84d71156b7e9.php 第 30 行.
NOTIC: [8] Undefined index: cate_name E:\web\www\practical\blog1\Application\Runtime\Cache\Home\5f5878b563bbd0551b6c84d71156b7e9.php 第 30 行.
NOTIC: [8] Undefined index: cate_id E:\web\www\practical\blog1\Application\Runtime\Cache\Home\5f5878b563bbd0551b6c84d71156b7e9.php 第 30 行.
NOTIC: [8] Undefined index: cate_name E:\web\www\practical\blog1\Application\Runtime\Cache\Home\5f5878b563bbd0551b6c84d71156b7e9.php 第 30 行.
NOTIC: [8] Undefined index: cate_name E:\web\www\practical\blog1\Application\Runtime\Cache\Home\5f5878b563bbd0551b6c84d71156b7e9.php 第 30 行.
NOTIC: [8] Undefined index: cate_id E:\web\www\practical\blog1\Application\Runtime\Cache\Home\5f5878b563bbd0551b6c84d71156b7e9.php 第 30 行.
NOTIC: [8] Undefined index: cate_name E:\web\www\practical\blog1\Application\Runtime\Cache\Home\5f5878b563bbd0551b6c84d71156b7e9.php 第 30 行.
NOTIC: [8] Undefined index: cate_name E:\web\www\practical\blog1\Application\Runtime\Cache\Home\5f5878b563bbd0551b6c84d71156b7e9.php 第 30 行.
NOTIC: [8] Undefined index: cate_id E:\web\www\practical\blog1\Application\Runtime\Cache\Home\5f5878b563bbd0551b6c84d71156b7e9.php 第 30 行.
NOTIC: [8] Undefined index: cate_name E:\web\www\practical\blog1\Application\Runtime\Cache\Home\5f5878b563bbd0551b6c84d71156b7e9.php 第 30 行.
NOTIC: [8] Undefined index: cate_name E:\web\www\practical\blog1\Application\Runtime\Cache\Home\5f5878b563bbd0551b6c84d71156b7e9.php 第 30 行.
NOTIC: [8] Undefined index: cate_id E:\web\www\practical\blog1\Application\Runtime\Cache\Home\5f5878b563bbd0551b6c84d71156b7e9.php 第 30 行.
NOTIC: [8] Undefined index: cate_name E:\web\www\practical\blog1\Application\Runtime\Cache\Home\5f5878b563bbd0551b6c84d71156b7e9.php 第 30 行.
NOTIC: [8] Undefined index: cate_name E:\web\www\practical\blog1\Application\Runtime\Cache\Home\5f5878b563bbd0551b6c84d71156b7e9.php 第 30 行.
NOTIC: [8] Undefined index: cate_id E:\web\www\practical\blog1\Application\Runtime\Cache\Home\5f5878b563bbd0551b6c84d71156b7e9.php 第 30 行.
NOTIC: [8] Undefined index: cate_name E:\web\www\practical\blog1\Application\Runtime\Cache\Home\5f5878b563bbd0551b6c84d71156b7e9.php 第 30 行.
NOTIC: [8] Undefined index: cate_name E:\web\www\practical\blog1\Application\Runtime\Cache\Home\5f5878b563bbd0551b6c84d71156b7e9.php 第 30 行.
NOTIC: [8] Undefined index: cate_id E:\web\www\practical\blog1\Application\Runtime\Cache\Home\5f5878b563bbd0551b6c84d71156b7e9.php 第 30 行.
NOTIC: [8] Undefined index: cate_name E:\web\www\practical\blog1\Application\Runtime\Cache\Home\5f5878b563bbd0551b6c84d71156b7e9.php 第 30 行.
NOTIC: [8] Undefined index: cate_name E:\web\www\practical\blog1\Application\Runtime\Cache\Home\5f5878b563bbd0551b6c84d71156b7e9.php 第 30 行.
NOTIC: [8] Undefined index: cate_id E:\web\www\practical\blog1\Application\Runtime\Cache\Home\5f5878b563bbd0551b6c84d71156b7e9.php 第 30 行.
NOTIC: [8] Undefined index: cate_name E:\web\www\practical\blog1\Application\Runtime\Cache\Home\5f5878b563bbd0551b6c84d71156b7e9.php 第 30 行.
NOTIC: [8] Undefined index: cate_name E:\web\www\practical\blog1\Application\Runtime\Cache\Home\5f5878b563bbd0551b6c84d71156b7e9.php 第 30 行.
NOTIC: [8] Undefined index: cate_id E:\web\www\practical\blog1\Application\Runtime\Cache\Home\5f5878b563bbd0551b6c84d71156b7e9.php 第 30 行.
NOTIC: [8] Undefined index: cate_name E:\web\www\practical\blog1\Application\Runtime\Cache\Home\5f5878b563bbd0551b6c84d71156b7e9.php 第 30 行.
NOTIC: [8] Undefined index: cate_name E:\web\www\practical\blog1\Application\Runtime\Cache\Home\5f5878b563bbd0551b6c84d71156b7e9.php 第 30 行.
NOTIC: [8] Undefined index: cate_id E:\web\www\practical\blog1\Application\Runtime\Cache\Home\5f5878b563bbd0551b6c84d71156b7e9.php 第 30 行.
NOTIC: [8] Undefined index: cate_name E:\web\www\practical\blog1\Application\Runtime\Cache\Home\5f5878b563bbd0551b6c84d71156b7e9.php 第 30 行.
NOTIC: [8] Undefined index: cate_name E:\web\www\practical\blog1\Application\Runtime\Cache\Home\5f5878b563bbd0551b6c84d71156b7e9.php 第 30 行.
NOTIC: [8] Undefined index: cate_id E:\web\www\practical\blog1\Application\Runtime\Cache\Home\5f5878b563bbd0551b6c84d71156b7e9.php 第 30 行.
NOTIC: [8] Undefined index: cate_name E:\web\www\practical\blog1\Application\Runtime\Cache\Home\5f5878b563bbd0551b6c84d71156b7e9.php 第 30 行.
NOTIC: [8] Undefined index: cate_name E:\web\www\practical\blog1\Application\Runtime\Cache\Home\5f5878b563bbd0551b6c84d71156b7e9.php 第 30 行.
NOTIC: [8] Undefined index: cate_id E:\web\www\practical\blog1\Application\Runtime\Cache\Home\5f5878b563bbd0551b6c84d71156b7e9.php 第 30 行.
NOTIC: [8] Undefined index: cate_name E:\web\www\practical\blog1\Application\Runtime\Cache\Home\5f5878b563bbd0551b6c84d71156b7e9.php 第 30 行.
NOTIC: [8] Undefined index: cate_name E:\web\www\practical\blog1\Application\Runtime\Cache\Home\5f5878b563bbd0551b6c84d71156b7e9.php 第 30 行.
NOTIC: [8] Undefined index: cate_id E:\web\www\practical\blog1\Application\Runtime\Cache\Home\5f5878b563bbd0551b6c84d71156b7e9.php 第 30 行.
NOTIC: [8] Undefined index: cate_name E:\web\www\practical\blog1\Application\Runtime\Cache\Home\5f5878b563bbd0551b6c84d71156b7e9.php 第 30 行.
NOTIC: [8] Undefined index: cate_name E:\web\www\practical\blog1\Application\Runtime\Cache\Home\5f5878b563bbd0551b6c84d71156b7e9.php 第 30 行.
NOTIC: [8] Undefined index: cate_id E:\web\www\practical\blog1\Application\Runtime\Cache\Home\5f5878b563bbd0551b6c84d71156b7e9.php 第 30 行.
NOTIC: [8] Undefined index: cate_name E:\web\www\practical\blog1\Application\Runtime\Cache\Home\5f5878b563bbd0551b6c84d71156b7e9.php 第 30 行.
NOTIC: [8] Undefined index: cate_name E:\web\www\practical\blog1\Application\Runtime\Cache\Home\5f5878b563bbd0551b6c84d71156b7e9.php 第 30 行.
NOTIC: [8] Undefined index: cate_id E:\web\www\practical\blog1\Application\Runtime\Cache\Home\5f5878b563bbd0551b6c84d71156b7e9.php 第 30 行.
NOTIC: [8] Undefined index: cate_name E:\web\www\practical\blog1\Application\Runtime\Cache\Home\5f5878b563bbd0551b6c84d71156b7e9.php 第 30 行.
NOTIC: [8] Undefined index: cate_name E:\web\www\practical\blog1\Application\Runtime\Cache\Home\5f5878b563bbd0551b6c84d71156b7e9.php 第 30 行.
NOTIC: [8] Undefined index: cate_id E:\web\www\practical\blog1\Application\Runtime\Cache\Home\5f5878b563bbd0551b6c84d71156b7e9.php 第 30 行.
NOTIC: [8] Undefined index: cate_name E:\web\www\practical\blog1\Application\Runtime\Cache\Home\5f5878b563bbd0551b6c84d71156b7e9.php 第 30 行.
NOTIC: [8] Undefined index: cate_name E:\web\www\practical\blog1\Application\Runtime\Cache\Home\5f5878b563bbd0551b6c84d71156b7e9.php 第 30 行.
NOTIC: [8] Undefined index: cate_id E:\web\www\practical\blog1\Application\Runtime\Cache\Home\5f5878b563bbd0551b6c84d71156b7e9.php 第 30 行.
NOTIC: [8] Undefined index: cate_name E:\web\www\practical\blog1\Application\Runtime\Cache\Home\5f5878b563bbd0551b6c84d71156b7e9.php 第 30 行.
NOTIC: [8] Undefined index: cate_name E:\web\www\practical\blog1\Application\Runtime\Cache\Home\5f5878b563bbd0551b6c84d71156b7e9.php 第 30 行.
NOTIC: [8] Undefined index: cate_id E:\web\www\practical\blog1\Application\Runtime\Cache\Home\5f5878b563bbd0551b6c84d71156b7e9.php 第 30 行.
NOTIC: [8] Undefined index: cate_name E:\web\www\practical\blog1\Application\Runtime\Cache\Home\5f5878b563bbd0551b6c84d71156b7e9.php 第 30 行.
NOTIC: [8] Undefined index: cate_name E:\web\www\practical\blog1\Application\Runtime\Cache\Home\5f5878b563bbd0551b6c84d71156b7e9.php 第 30 行.
NOTIC: [8] Undefined index: cate_id E:\web\www\practical\blog1\Application\Runtime\Cache\Home\5f5878b563bbd0551b6c84d71156b7e9.php 第 30 行.
NOTIC: [8] Undefined index: cate_name E:\web\www\practical\blog1\Application\Runtime\Cache\Home\5f5878b563bbd0551b6c84d71156b7e9.php 第 30 行.
NOTIC: [8] Undefined index: cate_name E:\web\www\practical\blog1\Application\Runtime\Cache\Home\5f5878b563bbd0551b6c84d71156b7e9.php 第 30 行.
NOTIC: [8] Undefined index: cate_id E:\web\www\practical\blog1\Application\Runtime\Cache\Home\5f5878b563bbd0551b6c84d71156b7e9.php 第 30 行.
NOTIC: [8] Undefined index: cate_name E:\web\www\practical\blog1\Application\Runtime\Cache\Home\5f5878b563bbd0551b6c84d71156b7e9.php 第 30 行.
NOTIC: [8] Undefined index: cate_name E:\web\www\practical\blog1\Application\Runtime\Cache\Home\5f5878b563bbd0551b6c84d71156b7e9.php 第 30 行.
NOTIC: [8] Undefined index: cate_id E:\web\www\practical\blog1\Application\Runtime\Cache\Home\5f5878b563bbd0551b6c84d71156b7e9.php 第 30 行.
NOTIC: [8] Undefined index: cate_name E:\web\www\practical\blog1\Application\Runtime\Cache\Home\5f5878b563bbd0551b6c84d71156b7e9.php 第 30 行.
NOTIC: [8] Undefined index: cate_name E:\web\www\practical\blog1\Application\Runtime\Cache\Home\5f5878b563bbd0551b6c84d71156b7e9.php 第 30 行.
NOTIC: [8] Undefined index: cate_id E:\web\www\practical\blog1\Application\Runtime\Cache\Home\5f5878b563bbd0551b6c84d71156b7e9.php 第 30 行.
NOTIC: [8] Undefined index: cate_name E:\web\www\practical\blog1\Application\Runtime\Cache\Home\5f5878b563bbd0551b6c84d71156b7e9.php 第 30 行.
NOTIC: [8] Undefined index: cate_name E:\web\www\practical\blog1\Application\Runtime\Cache\Home\5f5878b563bbd0551b6c84d71156b7e9.php 第 30 行.
NOTIC: [8] Undefined index: cate_id E:\web\www\practical\blog1\Application\Runtime\Cache\Home\5f5878b563bbd0551b6c84d71156b7e9.php 第 30 行.
NOTIC: [8] Undefined index: cate_name E:\web\www\practical\blog1\Application\Runtime\Cache\Home\5f5878b563bbd0551b6c84d71156b7e9.php 第 30 行.
NOTIC: [8] Undefined index: cate_name E:\web\www\practical\blog1\Application\Runtime\Cache\Home\5f5878b563bbd0551b6c84d71156b7e9.php 第 30 行.
NOTIC: [8] Undefined index: cate_id E:\web\www\practical\blog1\Application\Runtime\Cache\Home\5f5878b563bbd0551b6c84d71156b7e9.php 第 30 行.
NOTIC: [8] Undefined index: cate_name E:\web\www\practical\blog1\Application\Runtime\Cache\Home\5f5878b563bbd0551b6c84d71156b7e9.php 第 30 行.
NOTIC: [8] Undefined index: cate_name E:\web\www\practical\blog1\Application\Runtime\Cache\Home\5f5878b563bbd0551b6c84d71156b7e9.php 第 30 行.
NOTIC: [8] Undefined index: cate_id E:\web\www\practical\blog1\Application\Runtime\Cache\Home\5f5878b563bbd0551b6c84d71156b7e9.php 第 30 行.
NOTIC: [8] Undefined index: cate_name E:\web\www\practical\blog1\Application\Runtime\Cache\Home\5f5878b563bbd0551b6c84d71156b7e9.php 第 30 行.
NOTIC: [8] Undefined index: cate_name E:\web\www\practical\blog1\Application\Runtime\Cache\Home\5f5878b563bbd0551b6c84d71156b7e9.php 第 30 行.
NOTIC: [8] Undefined index: cate_id E:\web\www\practical\blog1\Application\Runtime\Cache\Home\5f5878b563bbd0551b6c84d71156b7e9.php 第 30 行.
NOTIC: [8] Undefined index: cate_name E:\web\www\practical\blog1\Application\Runtime\Cache\Home\5f5878b563bbd0551b6c84d71156b7e9.php 第 30 行.
NOTIC: [8] Undefined index: cate_name E:\web\www\practical\blog1\Application\Runtime\Cache\Home\5f5878b563bbd0551b6c84d71156b7e9.php 第 30 行.
NOTIC: [8] Undefined index: cate_id E:\web\www\practical\blog1\Application\Runtime\Cache\Home\5f5878b563bbd0551b6c84d71156b7e9.php 第 30 行.
NOTIC: [8] Undefined index: cate_name E:\web\www\practical\blog1\Application\Runtime\Cache\Home\5f5878b563bbd0551b6c84d71156b7e9.php 第 30 行.
NOTIC: [8] Undefined index: cate_name E:\web\www\practical\blog1\Application\Runtime\Cache\Home\5f5878b563bbd0551b6c84d71156b7e9.php 第 30 行.
NOTIC: [8] Undefined index: cate_id E:\web\www\practical\blog1\Application\Runtime\Cache\Home\5f5878b563bbd0551b6c84d71156b7e9.php 第 30 行.
NOTIC: [8] Undefined index: cate_name E:\web\www\practical\blog1\Application\Runtime\Cache\Home\5f5878b563bbd0551b6c84d71156b7e9.php 第 30 行.
NOTIC: [8] Undefined index: cate_name E:\web\www\practical\blog1\Application\Runtime\Cache\Home\5f5878b563bbd0551b6c84d71156b7e9.php 第 30 行.
NOTIC: [8] Undefined index: cate_id E:\web\www\practical\blog1\Application\Runtime\Cache\Home\5f5878b563bbd0551b6c84d71156b7e9.php 第 30 行.
NOTIC: [8] Undefined index: cate_name E:\web\www\practical\blog1\Application\Runtime\Cache\Home\5f5878b563bbd0551b6c84d71156b7e9.php 第 30 行.
NOTIC: [8] Undefined index: cate_name E:\web\www\practical\blog1\Application\Runtime\Cache\Home\5f5878b563bbd0551b6c84d71156b7e9.php 第 30 行.
NOTIC: [8] Undefined index: cate_id E:\web\www\practical\blog1\Application\Runtime\Cache\Home\5f5878b563bbd0551b6c84d71156b7e9.php 第 30 行.
NOTIC: [8] Undefined index: cate_name E:\web\www\practical\blog1\Application\Runtime\Cache\Home\5f5878b563bbd0551b6c84d71156b7e9.php 第 30 行.
NOTIC: [8] Undefined index: cate_name E:\web\www\practical\blog1\Application\Runtime\Cache\Home\5f5878b563bbd0551b6c84d71156b7e9.php 第 30 行.
NOTIC: [8] Undefined index: cate_id E:\web\www\practical\blog1\Application\Runtime\Cache\Home\5f5878b563bbd0551b6c84d71156b7e9.php 第 30 行.
NOTIC: [8] Undefined index: cate_name E:\web\www\practical\blog1\Application\Runtime\Cache\Home\5f5878b563bbd0551b6c84d71156b7e9.php 第 30 行.
NOTIC: [8] Undefined index: cate_name E:\web\www\practical\blog1\Application\Runtime\Cache\Home\5f5878b563bbd0551b6c84d71156b7e9.php 第 30 行.
NOTIC: [8] Undefined index: cate_id E:\web\www\practical\blog1\Application\Runtime\Cache\Home\5f5878b563bbd0551b6c84d71156b7e9.php 第 30 行.
NOTIC: [8] Undefined index: cate_name E:\web\www\practical\blog1\Application\Runtime\Cache\Home\5f5878b563bbd0551b6c84d71156b7e9.php 第 30 行.
NOTIC: [8] Undefined index: cate_name E:\web\www\practical\blog1\Application\Runtime\Cache\Home\5f5878b563bbd0551b6c84d71156b7e9.php 第 30 行.
NOTIC: [8] Undefined index: cate_id E:\web\www\practical\blog1\Application\Runtime\Cache\Home\5f5878b563bbd0551b6c84d71156b7e9.php 第 30 行.
NOTIC: [8] Undefined index: cate_name E:\web\www\practical\blog1\Application\Runtime\Cache\Home\5f5878b563bbd0551b6c84d71156b7e9.php 第 30 行.
NOTIC: [8] Undefined index: cate_name E:\web\www\practical\blog1\Application\Runtime\Cache\Home\5f5878b563bbd0551b6c84d71156b7e9.php 第 30 行.
NOTIC: [8] Undefined index: cate_id E:\web\www\practical\blog1\Application\Runtime\Cache\Home\5f5878b563bbd0551b6c84d71156b7e9.php 第 30 行.
NOTIC: [8] Undefined index: cate_name E:\web\www\practical\blog1\Application\Runtime\Cache\Home\5f5878b563bbd0551b6c84d71156b7e9.php 第 30 行.
NOTIC: [8] Undefined index: cate_name E:\web\www\practical\blog1\Application\Runtime\Cache\Home\5f5878b563bbd0551b6c84d71156b7e9.php 第 30 行.
NOTIC: [8] Undefined index: cate_id E:\web\www\practical\blog1\Application\Runtime\Cache\Home\5f5878b563bbd0551b6c84d71156b7e9.php 第 30 行.
NOTIC: [8] Undefined index: cate_name E:\web\www\practical\blog1\Application\Runtime\Cache\Home\5f5878b563bbd0551b6c84d71156b7e9.php 第 30 行.
NOTIC: [8] Undefined index: cate_name E:\web\www\practical\blog1\Application\Runtime\Cache\Home\5f5878b563bbd0551b6c84d71156b7e9.php 第 30 行.
NOTIC: [8] Undefined index: cate_id E:\web\www\practical\blog1\Application\Runtime\Cache\Home\5f5878b563bbd0551b6c84d71156b7e9.php 第 30 行.
NOTIC: [8] Undefined index: cate_name E:\web\www\practical\blog1\Application\Runtime\Cache\Home\5f5878b563bbd0551b6c84d71156b7e9.php 第 30 行.
NOTIC: [8] Undefined index: cate_name E:\web\www\practical\blog1\Application\Runtime\Cache\Home\5f5878b563bbd0551b6c84d71156b7e9.php 第 30 行.
NOTIC: [8] Undefined index: cate_id E:\web\www\practical\blog1\Application\Runtime\Cache\Home\5f5878b563bbd0551b6c84d71156b7e9.php 第 30 行.
NOTIC: [8] Undefined index: cate_name E:\web\www\practical\blog1\Application\Runtime\Cache\Home\5f5878b563bbd0551b6c84d71156b7e9.php 第 30 行.
NOTIC: [8] Undefined index: cate_name E:\web\www\practical\blog1\Application\Runtime\Cache\Home\5f5878b563bbd0551b6c84d71156b7e9.php 第 30 行.
NOTIC: [8] Undefined index: cate_id E:\web\www\practical\blog1\Application\Runtime\Cache\Home\5f5878b563bbd0551b6c84d71156b7e9.php 第 30 行.
NOTIC: [8] Undefined index: cate_name E:\web\www\practical\blog1\Application\Runtime\Cache\Home\5f5878b563bbd0551b6c84d71156b7e9.php 第 30 行.
NOTIC: [8] Undefined index: cate_name E:\web\www\practical\blog1\Application\Runtime\Cache\Home\5f5878b563bbd0551b6c84d71156b7e9.php 第 30 行.
NOTIC: [8] Undefined index: cate_id E:\web\www\practical\blog1\Application\Runtime\Cache\Home\5f5878b563bbd0551b6c84d71156b7e9.php 第 30 行.
NOTIC: [8] Undefined index: cate_name E:\web\www\practical\blog1\Application\Runtime\Cache\Home\5f5878b563bbd0551b6c84d71156b7e9.php 第 30 行.
NOTIC: [8] Undefined index: cate_name E:\web\www\practical\blog1\Application\Runtime\Cache\Home\5f5878b563bbd0551b6c84d71156b7e9.php 第 30 行.
NOTIC: [8] Undefined index: cate_id E:\web\www\practical\blog1\Application\Runtime\Cache\Home\5f5878b563bbd0551b6c84d71156b7e9.php 第 30 行.
NOTIC: [8] Undefined index: cate_name E:\web\www\practical\blog1\Application\Runtime\Cache\Home\5f5878b563bbd0551b6c84d71156b7e9.php 第 30 行.
NOTIC: [8] Undefined index: cate_name E:\web\www\practical\blog1\Application\Runtime\Cache\Home\5f5878b563bbd0551b6c84d71156b7e9.php 第 30 行.
NOTIC: [8] Undefined index: cate_id E:\web\www\practical\blog1\Application\Runtime\Cache\Home\5f5878b563bbd0551b6c84d71156b7e9.php 第 30 行.
NOTIC: [8] Undefined index: cate_name E:\web\www\practical\blog1\Application\Runtime\Cache\Home\5f5878b563bbd0551b6c84d71156b7e9.php 第 30 行.
NOTIC: [8] Undefined index: cate_name E:\web\www\practical\blog1\Application\Runtime\Cache\Home\5f5878b563bbd0551b6c84d71156b7e9.php 第 30 行.
NOTIC: [8] Undefined index: cate_id E:\web\www\practical\blog1\Application\Runtime\Cache\Home\5f5878b563bbd0551b6c84d71156b7e9.php 第 30 行.
NOTIC: [8] Undefined index: cate_name E:\web\www\practical\blog1\Application\Runtime\Cache\Home\5f5878b563bbd0551b6c84d71156b7e9.php 第 30 行.
NOTIC: [8] Undefined index: cate_name E:\web\www\practical\blog1\Application\Runtime\Cache\Home\5f5878b563bbd0551b6c84d71156b7e9.php 第 30 行.
NOTIC: [8] Undefined index: cate_id E:\web\www\practical\blog1\Application\Runtime\Cache\Home\5f5878b563bbd0551b6c84d71156b7e9.php 第 30 行.
NOTIC: [8] Undefined index: cate_name E:\web\www\practical\blog1\Application\Runtime\Cache\Home\5f5878b563bbd0551b6c84d71156b7e9.php 第 30 行.
NOTIC: [8] Undefined index: cate_name E:\web\www\practical\blog1\Application\Runtime\Cache\Home\5f5878b563bbd0551b6c84d71156b7e9.php 第 30 行.
NOTIC: [8] Undefined index: cate_id E:\web\www\practical\blog1\Application\Runtime\Cache\Home\5f5878b563bbd0551b6c84d71156b7e9.php 第 30 行.
NOTIC: [8] Undefined index: cate_name E:\web\www\practical\blog1\Application\Runtime\Cache\Home\5f5878b563bbd0551b6c84d71156b7e9.php 第 30 行.
NOTIC: [8] Undefined index: cate_name E:\web\www\practical\blog1\Application\Runtime\Cache\Home\5f5878b563bbd0551b6c84d71156b7e9.php 第 30 行.
NOTIC: [8] Undefined index: cate_id E:\web\www\practical\blog1\Application\Runtime\Cache\Home\5f5878b563bbd0551b6c84d71156b7e9.php 第 30 行.
NOTIC: [8] Undefined index: cate_name E:\web\www\practical\blog1\Application\Runtime\Cache\Home\5f5878b563bbd0551b6c84d71156b7e9.php 第 30 行.
NOTIC: [8] Undefined index: cate_name E:\web\www\practical\blog1\Application\Runtime\Cache\Home\5f5878b563bbd0551b6c84d71156b7e9.php 第 30 行.
NOTIC: [8] Undefined index: cate_id E:\web\www\practical\blog1\Application\Runtime\Cache\Home\5f5878b563bbd0551b6c84d71156b7e9.php 第 30 行.
NOTIC: [8] Undefined index: cate_name E:\web\www\practical\blog1\Application\Runtime\Cache\Home\5f5878b563bbd0551b6c84d71156b7e9.php 第 30 行.
NOTIC: [8] Undefined index: cate_name E:\web\www\practical\blog1\Application\Runtime\Cache\Home\5f5878b563bbd0551b6c84d71156b7e9.php 第 30 行.
NOTIC: [8] Undefined index: cate_id E:\web\www\practical\blog1\Application\Runtime\Cache\Home\5f5878b563bbd0551b6c84d71156b7e9.php 第 30 行.
NOTIC: [8] Undefined index: cate_name E:\web\www\practical\blog1\Application\Runtime\Cache\Home\5f5878b563bbd0551b6c84d71156b7e9.php 第 30 行.
NOTIC: [8] Undefined index: cate_name E:\web\www\practical\blog1\Application\Runtime\Cache\Home\5f5878b563bbd0551b6c84d71156b7e9.php 第 30 行.
NOTIC: [8] Undefined index: cate_id E:\web\www\practical\blog1\Application\Runtime\Cache\Home\5f5878b563bbd0551b6c84d71156b7e9.php 第 30 行.
NOTIC: [8] Undefined index: cate_name E:\web\www\practical\blog1\Application\Runtime\Cache\Home\5f5878b563bbd0551b6c84d71156b7e9.php 第 30 行.
NOTIC: [8] Undefined index: cate_name E:\web\www\practical\blog1\Application\Runtime\Cache\Home\5f5878b563bbd0551b6c84d71156b7e9.php 第 30 行.
NOTIC: [8] Undefined index: cate_id E:\web\www\practical\blog1\Application\Runtime\Cache\Home\5f5878b563bbd0551b6c84d71156b7e9.php 第 30 行.
NOTIC: [8] Undefined index: cate_name E:\web\www\practical\blog1\Application\Runtime\Cache\Home\5f5878b563bbd0551b6c84d71156b7e9.php 第 30 行.
NOTIC: [8] Undefined index: cate_name E:\web\www\practical\blog1\Application\Runtime\Cache\Home\5f5878b563bbd0551b6c84d71156b7e9.php 第 30 行.
NOTIC: [8] Undefined index: cate_id E:\web\www\practical\blog1\Application\Runtime\Cache\Home\5f5878b563bbd0551b6c84d71156b7e9.php 第 30 行.
NOTIC: [8] Undefined index: cate_name E:\web\www\practical\blog1\Application\Runtime\Cache\Home\5f5878b563bbd0551b6c84d71156b7e9.php 第 30 行.
NOTIC: [8] Undefined index: cate_name E:\web\www\practical\blog1\Application\Runtime\Cache\Home\5f5878b563bbd0551b6c84d71156b7e9.php 第 30 行.
NOTIC: [8] Undefined index: cate_id E:\web\www\practical\blog1\Application\Runtime\Cache\Home\5f5878b563bbd0551b6c84d71156b7e9.php 第 30 行.
NOTIC: [8] Undefined index: cate_name E:\web\www\practical\blog1\Application\Runtime\Cache\Home\5f5878b563bbd0551b6c84d71156b7e9.php 第 30 行.
NOTIC: [8] Undefined index: cate_name E:\web\www\practical\blog1\Application\Runtime\Cache\Home\5f5878b563bbd0551b6c84d71156b7e9.php 第 30 行.
NOTIC: [8] Undefined index: cate_id E:\web\www\practical\blog1\Application\Runtime\Cache\Home\5f5878b563bbd0551b6c84d71156b7e9.php 第 30 行.
NOTIC: [8] Undefined index: cate_name E:\web\www\practical\blog1\Application\Runtime\Cache\Home\5f5878b563bbd0551b6c84d71156b7e9.php 第 30 行.
NOTIC: [8] Undefined index: cate_name E:\web\www\practical\blog1\Application\Runtime\Cache\Home\5f5878b563bbd0551b6c84d71156b7e9.php 第 30 行.
NOTIC: [8] Undefined index: cate_id E:\web\www\practical\blog1\Application\Runtime\Cache\Home\5f5878b563bbd0551b6c84d71156b7e9.php 第 30 行.
NOTIC: [8] Undefined index: cate_name E:\web\www\practical\blog1\Application\Runtime\Cache\Home\5f5878b563bbd0551b6c84d71156b7e9.php 第 30 行.
NOTIC: [8] Undefined index: cate_name E:\web\www\practical\blog1\Application\Runtime\Cache\Home\5f5878b563bbd0551b6c84d71156b7e9.php 第 30 行.
NOTIC: [8] Undefined index: cate_id E:\web\www\practical\blog1\Application\Runtime\Cache\Home\5f5878b563bbd0551b6c84d71156b7e9.php 第 30 行.
NOTIC: [8] Undefined index: cate_name E:\web\www\practical\blog1\Application\Runtime\Cache\Home\5f5878b563bbd0551b6c84d71156b7e9.php 第 30 行.
NOTIC: [8] Undefined index: cate_name E:\web\www\practical\blog1\Application\Runtime\Cache\Home\5f5878b563bbd0551b6c84d71156b7e9.php 第 30 行.
NOTIC: [8] Undefined index: cate_id E:\web\www\practical\blog1\Application\Runtime\Cache\Home\5f5878b563bbd0551b6c84d71156b7e9.php 第 30 行.
NOTIC: [8] Undefined index: cate_name E:\web\www\practical\blog1\Application\Runtime\Cache\Home\5f5878b563bbd0551b6c84d71156b7e9.php 第 30 行.
NOTIC: [8] Undefined index: cate_name E:\web\www\practical\blog1\Application\Runtime\Cache\Home\5f5878b563bbd0551b6c84d71156b7e9.php 第 30 行.
NOTIC: [8] Undefined index: cate_id E:\web\www\practical\blog1\Application\Runtime\Cache\Home\5f5878b563bbd0551b6c84d71156b7e9.php 第 30 行.
NOTIC: [8] Undefined index: cate_name E:\web\www\practical\blog1\Application\Runtime\Cache\Home\5f5878b563bbd0551b6c84d71156b7e9.php 第 30 行.
NOTIC: [8] Undefined index: cate_name E:\web\www\practical\blog1\Application\Runtime\Cache\Home\5f5878b563bbd0551b6c84d71156b7e9.php 第 30 行.
NOTIC: [8] Undefined index: cate_id E:\web\www\practical\blog1\Application\Runtime\Cache\Home\5f5878b563bbd0551b6c84d71156b7e9.php 第 30 行.
NOTIC: [8] Undefined index: cate_name E:\web\www\practical\blog1\Application\Runtime\Cache\Home\5f5878b563bbd0551b6c84d71156b7e9.php 第 30 行.
NOTIC: [8] Undefined index: cate_name E:\web\www\practical\blog1\Application\Runtime\Cache\Home\5f5878b563bbd0551b6c84d71156b7e9.php 第 30 行.
NOTIC: [8] Undefined index: cate_id E:\web\www\practical\blog1\Application\Runtime\Cache\Home\5f5878b563bbd0551b6c84d71156b7e9.php 第 30 行.
NOTIC: [8] Undefined index: cate_name E:\web\www\practical\blog1\Application\Runtime\Cache\Home\5f5878b563bbd0551b6c84d71156b7e9.php 第 30 行.
NOTIC: [8] Undefined index: cate_name E:\web\www\practical\blog1\Application\Runtime\Cache\Home\5f5878b563bbd0551b6c84d71156b7e9.php 第 30 行.
NOTIC: [8] Undefined index: cate_id E:\web\www\practical\blog1\Application\Runtime\Cache\Home\5f5878b563bbd0551b6c84d71156b7e9.php 第 30 行.
NOTIC: [8] Undefined index: cate_name E:\web\www\practical\blog1\Application\Runtime\Cache\Home\5f5878b563bbd0551b6c84d71156b7e9.php 第 30 行.
NOTIC: [8] Undefined index: cate_name E:\web\www\practical\blog1\Application\Runtime\Cache\Home\5f5878b563bbd0551b6c84d71156b7e9.php 第 30 行.
NOTIC: [8] Undefined index: cate_id E:\web\www\practical\blog1\Application\Runtime\Cache\Home\5f5878b563bbd0551b6c84d71156b7e9.php 第 30 行.
NOTIC: [8] Undefined index: cate_name E:\web\www\practical\blog1\Application\Runtime\Cache\Home\5f5878b563bbd0551b6c84d71156b7e9.php 第 30 行.
NOTIC: [8] Undefined index: cate_name E:\web\www\practical\blog1\Application\Runtime\Cache\Home\5f5878b563bbd0551b6c84d71156b7e9.php 第 30 行.
NOTIC: [8] Undefined index: cate_id E:\web\www\practical\blog1\Application\Runtime\Cache\Home\5f5878b563bbd0551b6c84d71156b7e9.php 第 30 行.
NOTIC: [8] Undefined index: cate_name E:\web\www\practical\blog1\Application\Runtime\Cache\Home\5f5878b563bbd0551b6c84d71156b7e9.php 第 30 行.
NOTIC: [8] Undefined index: cate_name E:\web\www\practical\blog1\Application\Runtime\Cache\Home\5f5878b563bbd0551b6c84d71156b7e9.php 第 30 行.
NOTIC: [8] Undefined index: cate_id E:\web\www\practical\blog1\Application\Runtime\Cache\Home\5f5878b563bbd0551b6c84d71156b7e9.php 第 30 行.
NOTIC: [8] Undefined index: cate_name E:\web\www\practical\blog1\Application\Runtime\Cache\Home\5f5878b563bbd0551b6c84d71156b7e9.php 第 30 行.
NOTIC: [8] Undefined index: cate_name E:\web\www\practical\blog1\Application\Runtime\Cache\Home\5f5878b563bbd0551b6c84d71156b7e9.php 第 30 行.
NOTIC: [8] Undefined index: cate_id E:\web\www\practical\blog1\Application\Runtime\Cache\Home\5f5878b563bbd0551b6c84d71156b7e9.php 第 30 行.
NOTIC: [8] Undefined index: cate_name E:\web\www\practical\blog1\Application\Runtime\Cache\Home\5f5878b563bbd0551b6c84d71156b7e9.php 第 30 行.
NOTIC: [8] Undefined index: cate_name E:\web\www\practical\blog1\Application\Runtime\Cache\Home\5f5878b563bbd0551b6c84d71156b7e9.php 第 30 行.
NOTIC: [8] Undefined index: cate_id E:\web\www\practical\blog1\Application\Runtime\Cache\Home\5f5878b563bbd0551b6c84d71156b7e9.php 第 30 行.
NOTIC: [8] Undefined index: cate_name E:\web\www\practical\blog1\Application\Runtime\Cache\Home\5f5878b563bbd0551b6c84d71156b7e9.php 第 30 行.
NOTIC: [8] Undefined index: cate_name E:\web\www\practical\blog1\Application\Runtime\Cache\Home\5f5878b563bbd0551b6c84d71156b7e9.php 第 30 行.
NOTIC: [8] Undefined index: cate_id E:\web\www\practical\blog1\Application\Runtime\Cache\Home\5f5878b563bbd0551b6c84d71156b7e9.php 第 30 行.
NOTIC: [8] Undefined index: cate_name E:\web\www\practical\blog1\Application\Runtime\Cache\Home\5f5878b563bbd0551b6c84d71156b7e9.php 第 30 行.
NOTIC: [8] Undefined index: cate_name E:\web\www\practical\blog1\Application\Runtime\Cache\Home\5f5878b563bbd0551b6c84d71156b7e9.php 第 30 行.
NOTIC: [8] Undefined index: cate_id E:\web\www\practical\blog1\Application\Runtime\Cache\Home\5f5878b563bbd0551b6c84d71156b7e9.php 第 30 行.
NOTIC: [8] Undefined index: cate_name E:\web\www\practical\blog1\Application\Runtime\Cache\Home\5f5878b563bbd0551b6c84d71156b7e9.php 第 30 行.
NOTIC: [8] Undefined index: cate_name E:\web\www\practical\blog1\Application\Runtime\Cache\Home\5f5878b563bbd0551b6c84d71156b7e9.php 第 30 行.
NOTIC: [8] Undefined index: cate_id E:\web\www\practical\blog1\Application\Runtime\Cache\Home\5f5878b563bbd0551b6c84d71156b7e9.php 第 30 行.
NOTIC: [8] Undefined index: cate_name E:\web\www\practical\blog1\Application\Runtime\Cache\Home\5f5878b563bbd0551b6c84d71156b7e9.php 第 30 行.
NOTIC: [8] Undefined index: cate_name E:\web\www\practical\blog1\Application\Runtime\Cache\Home\5f5878b563bbd0551b6c84d71156b7e9.php 第 30 行.
NOTIC: [8] Undefined index: cate_id E:\web\www\practical\blog1\Application\Runtime\Cache\Home\5f5878b563bbd0551b6c84d71156b7e9.php 第 30 行.
NOTIC: [8] Undefined index: cate_name E:\web\www\practical\blog1\Application\Runtime\Cache\Home\5f5878b563bbd0551b6c84d71156b7e9.php 第 30 行.
NOTIC: [8] Undefined index: cate_name E:\web\www\practical\blog1\Application\Runtime\Cache\Home\5f5878b563bbd0551b6c84d71156b7e9.php 第 30 行.
NOTIC: [8] Undefined index: cate_id E:\web\www\practical\blog1\Application\Runtime\Cache\Home\5f5878b563bbd0551b6c84d71156b7e9.php 第 30 行.
NOTIC: [8] Undefined index: cate_name E:\web\www\practical\blog1\Application\Runtime\Cache\Home\5f5878b563bbd0551b6c84d71156b7e9.php 第 30 行.
NOTIC: [8] Undefined index: cate_name E:\web\www\practical\blog1\Application\Runtime\Cache\Home\5f5878b563bbd0551b6c84d71156b7e9.php 第 30 行.
NOTIC: [8] Undefined index: cate_id E:\web\www\practical\blog1\Application\Runtime\Cache\Home\5f5878b563bbd0551b6c84d71156b7e9.php 第 30 行.
NOTIC: [8] Undefined index: cate_name E:\web\www\practical\blog1\Application\Runtime\Cache\Home\5f5878b563bbd0551b6c84d71156b7e9.php 第 30 行.
NOTIC: [8] Undefined index: cate_name E:\web\www\practical\blog1\Application\Runtime\Cache\Home\5f5878b563bbd0551b6c84d71156b7e9.php 第 30 行.
NOTIC: [8] Undefined index: cate_id E:\web\www\practical\blog1\Application\Runtime\Cache\Home\5f5878b563bbd0551b6c84d71156b7e9.php 第 30 行.
NOTIC: [8] Undefined index: cate_name E:\web\www\practical\blog1\Application\Runtime\Cache\Home\5f5878b563bbd0551b6c84d71156b7e9.php 第 30 行.
NOTIC: [8] Undefined index: cate_name E:\web\www\practical\blog1\Application\Runtime\Cache\Home\5f5878b563bbd0551b6c84d71156b7e9.php 第 30 行.
INFO: Run Behavior\ParseTemplateBehavior [ RunTime:0.091006s ]
INFO: [ view_parse ] --END-- [ RunTime:0.091006s ]
INFO: [ view_filter ] --START--
INFO: Run Behavior\WriteHtmlCacheBehavior [ RunTime:0.000000s ]
INFO: [ view_filter ] --END-- [ RunTime:0.000000s ]
INFO: [ app_end ] --START--
INFO: Run Behavior\ShowPageTraceBehavior [ RunTime:0.000000s ]
INFO: [ app_end ] --END-- [ RunTime:0.000000s ]

[ 2016-11-23T09:13:49+08:00 ] 127.0.0.1 /practical/blog1/
INFO: [ app_init ] --START--
INFO: Run Behavior\BuildLiteBehavior [ RunTime:0.000000s ]
INFO: [ app_init ] --END-- [ RunTime:0.000000s ]
INFO: [ app_begin ] --START--
INFO: Run Behavior\ReadHtmlCacheBehavior [ RunTime:0.000000s ]
INFO: [ app_begin ] --END-- [ RunTime:0.000000s ]
SQL: SHOW COLUMNS FROM `category` [ RunTime:0.0070s ]
SQL: SELECT * FROM `category`  [ RunTime:0.0020s ]
INFO: [ app_end ] --START--
INFO: Run Behavior\ShowPageTraceBehavior [ RunTime:0.001000s ]
INFO: [ app_end ] --END-- [ RunTime:0.001000s ]

[ 2016-11-23T09:13:53+08:00 ] 127.0.0.1 /practical/blog1/
INFO: [ app_init ] --START--
INFO: Run Behavior\BuildLiteBehavior [ RunTime:0.000000s ]
INFO: [ app_init ] --END-- [ RunTime:0.001000s ]
INFO: [ app_begin ] --START--
INFO: Run Behavior\ReadHtmlCacheBehavior [ RunTime:0.001000s ]
INFO: [ app_begin ] --END-- [ RunTime:0.001000s ]
SQL: SHOW COLUMNS FROM `category` [ RunTime:0.0060s ]
SQL: SELECT * FROM `category`  [ RunTime:0.0010s ]
INFO: [ app_end ] --START--
INFO: Run Behavior\ShowPageTraceBehavior [ RunTime:0.001000s ]
INFO: [ app_end ] --END-- [ RunTime:0.001000s ]

[ 2016-11-23T09:14:36+08:00 ] 127.0.0.1 /practical/blog1/
INFO: [ app_init ] --START--
INFO: Run Behavior\BuildLiteBehavior [ RunTime:0.000000s ]
INFO: [ app_init ] --END-- [ RunTime:0.000000s ]
INFO: [ app_begin ] --START--
INFO: Run Behavior\ReadHtmlCacheBehavior [ RunTime:0.001000s ]
INFO: [ app_begin ] --END-- [ RunTime:0.001000s ]
SQL: SHOW COLUMNS FROM `category` [ RunTime:0.0070s ]
SQL: SELECT * FROM `category`  [ RunTime:0.0010s ]
INFO: [ view_parse ] --START--
INFO: [ template_filter ] --START--
INFO: Run Behavior\ContentReplaceBehavior [ RunTime:0.000000s ]
INFO: [ template_filter ] --END-- [ RunTime:0.000000s ]
INFO: Run Behavior\ParseTemplateBehavior [ RunTime:0.034002s ]
INFO: [ view_parse ] --END-- [ RunTime:0.034002s ]
INFO: [ view_filter ] --START--
INFO: Run Behavior\WriteHtmlCacheBehavior [ RunTime:0.000000s ]
INFO: [ view_filter ] --END-- [ RunTime:0.000000s ]
INFO: [ app_end ] --START--
INFO: Run Behavior\ShowPageTraceBehavior [ RunTime:0.000000s ]
INFO: [ app_end ] --END-- [ RunTime:0.000000s ]

[ 2016-11-23T15:23:17+08:00 ] 127.0.0.1 /practical/blog1/
INFO: [ app_init ] --START--
INFO: Run Behavior\BuildLiteBehavior [ RunTime:0.000000s ]
INFO: [ app_init ] --END-- [ RunTime:0.001000s ]
INFO: [ app_begin ] --START--
INFO: Run Behavior\ReadHtmlCacheBehavior [ RunTime:0.001000s ]
INFO: [ app_begin ] --END-- [ RunTime:0.001000s ]
SQL: SHOW COLUMNS FROM `category` [ RunTime:0.0090s ]
SQL: SELECT * FROM `category`  [ RunTime:0.0010s ]
INFO: [ view_parse ] --START--
INFO: [ template_filter ] --START--
INFO: Run Behavior\ContentReplaceBehavior [ RunTime:0.001000s ]
INFO: [ template_filter ] --END-- [ RunTime:0.001000s ]
INFO: Run Behavior\ParseTemplateBehavior [ RunTime:0.051003s ]
INFO: [ view_parse ] --END-- [ RunTime:0.051003s ]
INFO: [ view_filter ] --START--
INFO: Run Behavior\WriteHtmlCacheBehavior [ RunTime:0.001000s ]
INFO: [ view_filter ] --END-- [ RunTime:0.001000s ]
INFO: [ app_end ] --START--
INFO: Run Behavior\ShowPageTraceBehavior [ RunTime:0.001000s ]
INFO: [ app_end ] --END-- [ RunTime:0.001000s ]

[ 2016-11-23T16:11:45+08:00 ] 127.0.0.1 /practical/blog1/
INFO: [ app_init ] --START--
INFO: Run Behavior\BuildLiteBehavior [ RunTime:0.000000s ]
INFO: [ app_init ] --END-- [ RunTime:0.001000s ]
INFO: [ app_begin ] --START--
INFO: Run Behavior\ReadHtmlCacheBehavior [ RunTime:0.000000s ]
INFO: [ app_begin ] --END-- [ RunTime:0.000000s ]
SQL: SHOW COLUMNS FROM `category` [ RunTime:0.0070s ]
SQL: SELECT * FROM `category`  [ RunTime:0.0000s ]
INFO: [ view_parse ] --START--
INFO: [ template_filter ] --START--
INFO: Run Behavior\ContentReplaceBehavior [ RunTime:0.002000s ]
INFO: [ template_filter ] --END-- [ RunTime:0.002000s ]
INFO: Run Behavior\ParseTemplateBehavior [ RunTime:0.043002s ]
INFO: [ view_parse ] --END-- [ RunTime:0.043002s ]
INFO: [ view_filter ] --START--
INFO: Run Behavior\WriteHtmlCacheBehavior [ RunTime:0.000000s ]
INFO: [ view_filter ] --END-- [ RunTime:0.000000s ]
INFO: [ app_end ] --START--
INFO: Run Behavior\ShowPageTraceBehavior [ RunTime:0.001000s ]
INFO: [ app_end ] --END-- [ RunTime:0.001000s ]

[ 2016-11-23T20:53:02+08:00 ] 127.0.0.1 /practical/blog1/
INFO: [ app_init ] --START--
INFO: Run Behavior\BuildLiteBehavior [ RunTime:0.000000s ]
INFO: [ app_init ] --END-- [ RunTime:0.000000s ]
INFO: [ app_begin ] --START--
INFO: Run Behavior\ReadHtmlCacheBehavior [ RunTime:0.002000s ]
INFO: [ app_begin ] --END-- [ RunTime:0.002000s ]
ERR: SQLSTATE[42S02]: Base table or view not found: 1146 Table 'blog.qs' doesn't exist

[ 2016-11-23T20:54:43+08:00 ] 127.0.0.1 /practical/blog1/
INFO: [ app_init ] --START--
INFO: Run Behavior\BuildLiteBehavior [ RunTime:0.000000s ]
INFO: [ app_init ] --END-- [ RunTime:0.000000s ]
INFO: [ app_begin ] --START--
INFO: Run Behavior\ReadHtmlCacheBehavior [ RunTime:0.000000s ]
INFO: [ app_begin ] --END-- [ RunTime:0.000000s ]
SQL: SHOW COLUMNS FROM `qs` [ RunTime:0.0070s ]
SQL: SHOW COLUMNS FROM `qs` [ RunTime:0.0160s ]
SQL: SELECT COUNT(*) AS tp_count FROM `qs` LIMIT 1   [ RunTime:0.0010s ]
NOTIC: [8] Undefined index: page E:\web\www\practical\blog1\Application\Home\Model\QsModel.class.php 第 13 行.
NOTIC: [8] Undefined variable: where E:\web\www\practical\blog1\Application\Home\Model\QsModel.class.php 第 18 行.
SQL: SELECT * FROM `qs` LIMIT 0,20   [ RunTime:0.0000s ]
SQL: SELECT COUNT(*) AS tp_count FROM `qs` LIMIT 1   [ RunTime:0.0010s ]
NOTIC: [8] Undefined variable: page_i E:\web\www\practical\blog1\Application\Home\Model\QsModel.class.php 第 23 行.
NOTIC: [8] Undefined index: page E:\web\www\practical\blog1\Application\Home\Controller\IndexController.class.php 第 22 行.
INFO: [ view_parse ] --START--
INFO: [ template_filter ] --START--
INFO: Run Behavior\ContentReplaceBehavior [ RunTime:0.001000s ]
INFO: [ template_filter ] --END-- [ RunTime:0.001000s ]
INFO: Run Behavior\ParseTemplateBehavior [ RunTime:0.040003s ]
INFO: [ view_parse ] --END-- [ RunTime:0.040003s ]
INFO: [ view_filter ] --START--
INFO: Run Behavior\WriteHtmlCacheBehavior [ RunTime:0.001000s ]
INFO: [ view_filter ] --END-- [ RunTime:0.001000s ]
INFO: [ app_end ] --START--
INFO: Run Behavior\ShowPageTraceBehavior [ RunTime:0.000000s ]
INFO: [ app_end ] --END-- [ RunTime:0.000000s ]

[ 2016-11-23T20:55:18+08:00 ] 127.0.0.1 /practical/blog1/index.php/Home/Index/qs.html
INFO: [ app_init ] --START--
INFO: Run Behavior\BuildLiteBehavior [ RunTime:0.000000s ]
INFO: [ app_init ] --END-- [ RunTime:0.001000s ]
INFO: [ app_begin ] --START--
INFO: Run Behavior\ReadHtmlCacheBehavior [ RunTime:0.000000s ]
INFO: [ app_begin ] --END-- [ RunTime:0.000000s ]
SQL: SHOW COLUMNS FROM `qs` [ RunTime:0.0070s ]
SQL: SHOW COLUMNS FROM `qs` [ RunTime:0.0060s ]
SQL: SELECT COUNT(*) AS tp_count FROM `qs` LIMIT 1   [ RunTime:0.0000s ]
NOTIC: [8] Undefined index: page E:\web\www\practical\blog1\Application\Home\Model\QsModel.class.php 第 13 行.
NOTIC: [8] Undefined variable: where E:\web\www\practical\blog1\Application\Home\Model\QsModel.class.php 第 18 行.
SQL: SELECT * FROM `qs` LIMIT 0,20   [ RunTime:0.0010s ]
SQL: SELECT COUNT(*) AS tp_count FROM `qs` LIMIT 1   [ RunTime:0.0010s ]
NOTIC: [8] Undefined variable: page_i E:\web\www\practical\blog1\Application\Home\Model\QsModel.class.php 第 23 行.
NOTIC: [8] Undefined index: page E:\web\www\practical\blog1\Application\Home\Controller\IndexController.class.php 第 66 行.
INFO: [ view_parse ] --START--
INFO: [ template_filter ] --START--
INFO: Run Behavior\ContentReplaceBehavior [ RunTime:0.000000s ]
INFO: [ template_filter ] --END-- [ RunTime:0.000000s ]
INFO: Run Behavior\ParseTemplateBehavior [ RunTime:0.012000s ]
INFO: [ view_parse ] --END-- [ RunTime:0.012000s ]
INFO: [ view_filter ] --START--
INFO: Run Behavior\WriteHtmlCacheBehavior [ RunTime:0.000000s ]
INFO: [ view_filter ] --END-- [ RunTime:0.000000s ]
INFO: [ view_parse ] --START--
INFO: [ template_filter ] --START--
INFO: Run Behavior\ContentReplaceBehavior [ RunTime:0.000000s ]
INFO: [ template_filter ] --END-- [ RunTime:-0.012001s ]
INFO: Run Behavior\ParseTemplateBehavior [ RunTime:0.009000s ]
INFO: [ view_parse ] --END-- [ RunTime:-0.002001s ]
INFO: [ view_filter ] --START--
INFO: Run Behavior\WriteHtmlCacheBehavior [ RunTime:0.000000s ]
INFO: [ view_filter ] --END-- [ RunTime:-0.011001s ]
NOTIC: [2] Cannot modify header information - headers already sent by (output started at E:\web\www\practical\blog1\ThinkPHP\Library\Think\View.class.php:95) E:\web\www\practical\blog1\ThinkPHP\Library\Think\View.class.php 第 91 行.
NOTIC: [2] Cannot modify header information - headers already sent by (output started at E:\web\www\practical\blog1\ThinkPHP\Library\Think\View.class.php:95) E:\web\www\practical\blog1\ThinkPHP\Library\Think\View.class.php 第 92 行.
NOTIC: [2] Cannot modify header information - headers already sent by (output started at E:\web\www\practical\blog1\ThinkPHP\Library\Think\View.class.php:95) E:\web\www\practical\blog1\ThinkPHP\Library\Think\View.class.php 第 93 行.
INFO: [ app_end ] --START--
INFO: Run Behavior\ShowPageTraceBehavior [ RunTime:0.001000s ]
INFO: [ app_end ] --END-- [ RunTime:0.001000s ]

[ 2016-11-23T20:55:40+08:00 ] 127.0.0.1 /practical/blog1/index.php/Home/Index/qs.html
INFO: [ app_init ] --START--
INFO: Run Behavior\BuildLiteBehavior [ RunTime:0.000000s ]
INFO: [ app_init ] --END-- [ RunTime:0.001000s ]
INFO: [ app_begin ] --START--
INFO: Run Behavior\ReadHtmlCacheBehavior [ RunTime:0.001000s ]
INFO: [ app_begin ] --END-- [ RunTime:0.001000s ]
SQL: SHOW COLUMNS FROM `qs` [ RunTime:0.0070s ]
SQL: SHOW COLUMNS FROM `qs` [ RunTime:0.0070s ]
SQL: SELECT COUNT(*) AS tp_count FROM `qs` LIMIT 1   [ RunTime:0.0000s ]
NOTIC: [8] Undefined index: page E:\web\www\practical\blog1\Application\Home\Model\QsModel.class.php 第 13 行.
NOTIC: [8] Undefined variable: where E:\web\www\practical\blog1\Application\Home\Model\QsModel.class.php 第 18 行.
SQL: SELECT * FROM `qs` LIMIT 0,20   [ RunTime:0.0010s ]
SQL: SELECT COUNT(*) AS tp_count FROM `qs` LIMIT 1   [ RunTime:0.0000s ]
NOTIC: [8] Undefined variable: page_i E:\web\www\practical\blog1\Application\Home\Model\QsModel.class.php 第 23 行.
NOTIC: [8] Undefined index: page E:\web\www\practical\blog1\Application\Home\Controller\IndexController.class.php 第 66 行.
INFO: [ view_parse ] --START--
INFO: [ template_filter ] --START--
INFO: Run Behavior\ContentReplaceBehavior [ RunTime:0.000000s ]
INFO: [ template_filter ] --END-- [ RunTime:0.000000s ]
INFO: Run Behavior\ParseTemplateBehavior [ RunTime:0.008000s ]
INFO: [ view_parse ] --END-- [ RunTime:0.008000s ]
INFO: [ view_filter ] --START--
INFO: Run Behavior\WriteHtmlCacheBehavior [ RunTime:0.000000s ]
INFO: [ view_filter ] --END-- [ RunTime:0.000000s ]
INFO: [ view_parse ] --START--
INFO: [ template_filter ] --START--
INFO: Run Behavior\ContentReplaceBehavior [ RunTime:0.000000s ]
INFO: [ template_filter ] --END-- [ RunTime:-0.007001s ]
INFO: Run Behavior\ParseTemplateBehavior [ RunTime:0.008001s ]
INFO: [ view_parse ] --END-- [ RunTime:-0.001000s ]
INFO: [ view_filter ] --START--
INFO: Run Behavior\WriteHtmlCacheBehavior [ RunTime:0.000000s ]
INFO: [ view_filter ] --END-- [ RunTime:-0.009001s ]
NOTIC: [2] Cannot modify header information - headers already sent by (output started at E:\web\www\practical\blog1\ThinkPHP\Library\Think\View.class.php:95) E:\web\www\practical\blog1\ThinkPHP\Library\Think\View.class.php 第 91 行.
NOTIC: [2] Cannot modify header information - headers already sent by (output started at E:\web\www\practical\blog1\ThinkPHP\Library\Think\View.class.php:95) E:\web\www\practical\blog1\ThinkPHP\Library\Think\View.class.php 第 92 行.
NOTIC: [2] Cannot modify header information - headers already sent by (output started at E:\web\www\practical\blog1\ThinkPHP\Library\Think\View.class.php:95) E:\web\www\practical\blog1\ThinkPHP\Library\Think\View.class.php 第 93 行.
INFO: [ app_end ] --START--
INFO: Run Behavior\ShowPageTraceBehavior [ RunTime:0.000000s ]
INFO: [ app_end ] --END-- [ RunTime:0.001000s ]

[ 2016-11-23T20:59:23+08:00 ] 127.0.0.1 /practical/blog1/
INFO: [ app_init ] --START--
INFO: Run Behavior\BuildLiteBehavior [ RunTime:0.000000s ]
INFO: [ app_init ] --END-- [ RunTime:0.000000s ]
INFO: [ app_begin ] --START--
INFO: Run Behavior\ReadHtmlCacheBehavior [ RunTime:0.000000s ]
INFO: [ app_begin ] --END-- [ RunTime:0.000000s ]
SQL: SHOW COLUMNS FROM `qs` [ RunTime:0.0080s ]
SQL: SHOW COLUMNS FROM `qs` [ RunTime:0.0070s ]
SQL: SELECT COUNT(*) AS tp_count FROM `qs` LIMIT 1   [ RunTime:0.0010s ]
NOTIC: [8] Undefined index: page E:\web\www\practical\blog1\Application\Home\Model\QsModel.class.php 第 13 行.
NOTIC: [8] Undefined variable: where E:\web\www\practical\blog1\Application\Home\Model\QsModel.class.php 第 18 行.
SQL: SELECT * FROM `qs` LIMIT 0,20   [ RunTime:0.0000s ]
SQL: SELECT COUNT(*) AS tp_count FROM `qs` LIMIT 1   [ RunTime:0.0000s ]
NOTIC: [8] Undefined variable: page_i E:\web\www\practical\blog1\Application\Home\Model\QsModel.class.php 第 23 行.
NOTIC: [8] Undefined index: page E:\web\www\practical\blog1\Application\Home\Controller\IndexController.class.php 第 22 行.
INFO: [ view_parse ] --START--
INFO: [ template_filter ] --START--
INFO: Run Behavior\ContentReplaceBehavior [ RunTime:0.002000s ]
INFO: [ template_filter ] --END-- [ RunTime:0.002000s ]
INFO: Run Behavior\ParseTemplateBehavior [ RunTime:0.044002s ]
INFO: [ view_parse ] --END-- [ RunTime:0.044002s ]
INFO: [ view_filter ] --START--
INFO: Run Behavior\WriteHtmlCacheBehavior [ RunTime:0.001001s ]
INFO: [ view_filter ] --END-- [ RunTime:0.001001s ]
INFO: [ app_end ] --START--
INFO: Run Behavior\ShowPageTraceBehavior [ RunTime:0.001000s ]
INFO: [ app_end ] --END-- [ RunTime:0.001000s ]

[ 2016-11-23T20:59:36+08:00 ] 127.0.0.1 /practical/blog1/index.php/Home/Index/qs.html
INFO: [ app_init ] --START--
INFO: Run Behavior\BuildLiteBehavior [ RunTime:0.000000s ]
INFO: [ app_init ] --END-- [ RunTime:0.000000s ]
INFO: [ app_begin ] --START--
INFO: Run Behavior\ReadHtmlCacheBehavior [ RunTime:0.001000s ]
INFO: [ app_begin ] --END-- [ RunTime:0.001000s ]
SQL: SHOW COLUMNS FROM `qs` [ RunTime:0.0070s ]
SQL: SHOW COLUMNS FROM `qs` [ RunTime:0.0070s ]
SQL: SELECT COUNT(*) AS tp_count FROM `qs` LIMIT 1   [ RunTime:0.0000s ]
NOTIC: [8] Undefined index: page E:\web\www\practical\blog1\Application\Home\Model\QsModel.class.php 第 13 行.
NOTIC: [8] Undefined variable: where E:\web\www\practical\blog1\Application\Home\Model\QsModel.class.php 第 18 行.
SQL: SELECT * FROM `qs` LIMIT 0,20   [ RunTime:0.0010s ]
SQL: SELECT COUNT(*) AS tp_count FROM `qs` LIMIT 1   [ RunTime:0.0010s ]
NOTIC: [8] Undefined variable: page_i E:\web\www\practical\blog1\Application\Home\Model\QsModel.class.php 第 23 行.
NOTIC: [8] Undefined index: page E:\web\www\practical\blog1\Application\Home\Controller\IndexController.class.php 第 66 行.
INFO: [ view_parse ] --START--
INFO: [ template_filter ] --START--
INFO: Run Behavior\ContentReplaceBehavior [ RunTime:0.001000s ]
INFO: [ template_filter ] --END-- [ RunTime:0.001000s ]
INFO: Run Behavior\ParseTemplateBehavior [ RunTime:0.013001s ]
INFO: [ view_parse ] --END-- [ RunTime:0.013001s ]
INFO: [ view_filter ] --START--
INFO: Run Behavior\WriteHtmlCacheBehavior [ RunTime:0.000000s ]
INFO: [ view_filter ] --END-- [ RunTime:0.000000s ]
INFO: [ view_parse ] --START--
INFO: [ template_filter ] --START--
INFO: Run Behavior\ContentReplaceBehavior [ RunTime:0.000000s ]
INFO: [ template_filter ] --END-- [ RunTime:-0.014001s ]
INFO: Run Behavior\ParseTemplateBehavior [ RunTime:0.012001s ]
INFO: [ view_parse ] --END-- [ RunTime:-0.002000s ]
INFO: [ view_filter ] --START--
INFO: Run Behavior\WriteHtmlCacheBehavior [ RunTime:0.000000s ]
INFO: [ view_filter ] --END-- [ RunTime:-0.014001s ]
NOTIC: [2] Cannot modify header information - headers already sent by (output started at E:\web\www\practical\blog1\ThinkPHP\Library\Think\View.class.php:95) E:\web\www\practical\blog1\ThinkPHP\Library\Think\View.class.php 第 91 行.
NOTIC: [2] Cannot modify header information - headers already sent by (output started at E:\web\www\practical\blog1\ThinkPHP\Library\Think\View.class.php:95) E:\web\www\practical\blog1\ThinkPHP\Library\Think\View.class.php 第 92 行.
NOTIC: [2] Cannot modify header information - headers already sent by (output started at E:\web\www\practical\blog1\ThinkPHP\Library\Think\View.class.php:95) E:\web\www\practical\blog1\ThinkPHP\Library\Think\View.class.php 第 93 行.
INFO: [ app_end ] --START--
INFO: Run Behavior\ShowPageTraceBehavior [ RunTime:0.000000s ]
INFO: [ app_end ] --END-- [ RunTime:0.000000s ]

[ 2016-11-23T21:01:50+08:00 ] 127.0.0.1 /practical/blog1/index.php/Home/Index/qs.html
INFO: [ app_init ] --START--
INFO: Run Behavior\BuildLiteBehavior [ RunTime:0.000000s ]
INFO: [ app_init ] --END-- [ RunTime:0.000000s ]
INFO: [ app_begin ] --START--
INFO: Run Behavior\ReadHtmlCacheBehavior [ RunTime:0.000000s ]
INFO: [ app_begin ] --END-- [ RunTime:0.000000s ]
SQL: SHOW COLUMNS FROM `qs` [ RunTime:0.0090s ]
SQL: SHOW COLUMNS FROM `qs` [ RunTime:0.0100s ]
SQL: SELECT COUNT(*) AS tp_count FROM `qs` LIMIT 1   [ RunTime:0.0000s ]
NOTIC: [8] Undefined index: page E:\web\www\practical\blog1\Application\Home\Model\QsModel.class.php 第 13 行.
NOTIC: [8] Undefined variable: where E:\web\www\practical\blog1\Application\Home\Model\QsModel.class.php 第 18 行.
SQL: SELECT * FROM `qs` LIMIT 0,20   [ RunTime:0.0010s ]
SQL: SELECT COUNT(*) AS tp_count FROM `qs` LIMIT 1   [ RunTime:0.0000s ]
NOTIC: [8] Undefined variable: page_i E:\web\www\practical\blog1\Application\Home\Model\QsModel.class.php 第 23 行.
NOTIC: [8] Undefined index: page E:\web\www\practical\blog1\Application\Home\Controller\IndexController.class.php 第 66 行.
INFO: [ view_parse ] --START--
INFO: [ template_filter ] --START--
INFO: Run Behavior\ContentReplaceBehavior [ RunTime:0.000000s ]
INFO: [ template_filter ] --END-- [ RunTime:0.000000s ]
INFO: Run Behavior\ParseTemplateBehavior [ RunTime:0.021001s ]
INFO: [ view_parse ] --END-- [ RunTime:0.021001s ]
INFO: [ view_filter ] --START--
INFO: Run Behavior\WriteHtmlCacheBehavior [ RunTime:0.001000s ]
INFO: [ view_filter ] --END-- [ RunTime:0.001000s ]
INFO: [ view_parse ] --START--
INFO: [ template_filter ] --START--
INFO: Run Behavior\ContentReplaceBehavior [ RunTime:0.000000s ]
INFO: [ template_filter ] --END-- [ RunTime:-0.012001s ]
INFO: Run Behavior\ParseTemplateBehavior [ RunTime:0.009001s ]
INFO: [ view_parse ] --END-- [ RunTime:-0.003000s ]
INFO: [ view_filter ] --START--
INFO: Run Behavior\WriteHtmlCacheBehavior [ RunTime:0.000000s ]
INFO: [ view_filter ] --END-- [ RunTime:-0.012001s ]
NOTIC: [2] Cannot modify header information - headers already sent by (output started at E:\web\www\practical\blog1\ThinkPHP\Library\Think\View.class.php:95) E:\web\www\practical\blog1\ThinkPHP\Library\Think\View.class.php 第 91 行.
NOTIC: [2] Cannot modify header information - headers already sent by (output started at E:\web\www\practical\blog1\ThinkPHP\Library\Think\View.class.php:95) E:\web\www\practical\blog1\ThinkPHP\Library\Think\View.class.php 第 92 行.
NOTIC: [2] Cannot modify header information - headers already sent by (output started at E:\web\www\practical\blog1\ThinkPHP\Library\Think\View.class.php:95) E:\web\www\practical\blog1\ThinkPHP\Library\Think\View.class.php 第 93 行.
INFO: [ app_end ] --START--
INFO: Run Behavior\ShowPageTraceBehavior [ RunTime:0.001000s ]
INFO: [ app_end ] --END-- [ RunTime:0.008000s ]

[ 2016-11-23T21:02:44+08:00 ] 127.0.0.1 /practical/blog1/index.php/Home/Index/qs.html
INFO: [ app_init ] --START--
INFO: Run Behavior\BuildLiteBehavior [ RunTime:0.000000s ]
INFO: [ app_init ] --END-- [ RunTime:0.000000s ]
INFO: [ app_begin ] --START--
INFO: Run Behavior\ReadHtmlCacheBehavior [ RunTime:0.001000s ]
INFO: [ app_begin ] --END-- [ RunTime:0.001000s ]
SQL: SHOW COLUMNS FROM `qs` [ RunTime:0.0070s ]
SQL: SHOW COLUMNS FROM `qs` [ RunTime:0.0060s ]
SQL: SELECT COUNT(*) AS tp_count FROM `qs` LIMIT 1   [ RunTime:0.0000s ]
NOTIC: [8] Undefined index: page E:\web\www\practical\blog1\Application\Home\Model\QsModel.class.php 第 13 行.
NOTIC: [8] Undefined variable: where E:\web\www\practical\blog1\Application\Home\Model\QsModel.class.php 第 18 行.
SQL: SELECT * FROM `qs` LIMIT 0,20   [ RunTime:0.0010s ]
SQL: SELECT COUNT(*) AS tp_count FROM `qs` LIMIT 1   [ RunTime:0.0010s ]
NOTIC: [8] Undefined variable: page_i E:\web\www\practical\blog1\Application\Home\Model\QsModel.class.php 第 23 行.
NOTIC: [8] Undefined index: page E:\web\www\practical\blog1\Application\Home\Controller\IndexController.class.php 第 66 行.
INFO: [ view_parse ] --START--
INFO: [ template_filter ] --START--
INFO: Run Behavior\ContentReplaceBehavior [ RunTime:0.000000s ]
INFO: [ template_filter ] --END-- [ RunTime:0.000000s ]
INFO: Run Behavior\ParseTemplateBehavior [ RunTime:0.012001s ]
INFO: [ view_parse ] --END-- [ RunTime:0.012001s ]
INFO: [ view_filter ] --START--
INFO: Run Behavior\WriteHtmlCacheBehavior [ RunTime:0.000000s ]
INFO: [ view_filter ] --END-- [ RunTime:0.000000s ]
INFO: [ view_parse ] --START--
INFO: [ template_filter ] --START--
INFO: Run Behavior\ContentReplaceBehavior [ RunTime:0.001000s ]
INFO: [ template_filter ] --END-- [ RunTime:-0.009000s ]
INFO: Run Behavior\ParseTemplateBehavior [ RunTime:0.009000s ]
INFO: [ view_parse ] --END-- [ RunTime:-0.001000s ]
INFO: [ view_filter ] --START--
INFO: Run Behavior\WriteHtmlCacheBehavior [ RunTime:0.000000s ]
INFO: [ view_filter ] --END-- [ RunTime:-0.010000s ]
NOTIC: [2] Cannot modify header information - headers already sent by (output started at E:\web\www\practical\blog1\ThinkPHP\Library\Think\View.class.php:95) E:\web\www\practical\blog1\ThinkPHP\Library\Think\View.class.php 第 91 行.
NOTIC: [2] Cannot modify header information - headers already sent by (output started at E:\web\www\practical\blog1\ThinkPHP\Library\Think\View.class.php:95) E:\web\www\practical\blog1\ThinkPHP\Library\Think\View.class.php 第 92 行.
NOTIC: [2] Cannot modify header information - headers already sent by (output started at E:\web\www\practical\blog1\ThinkPHP\Library\Think\View.class.php:95) E:\web\www\practical\blog1\ThinkPHP\Library\Think\View.class.php 第 93 行.
INFO: [ app_end ] --START--
INFO: Run Behavior\ShowPageTraceBehavior [ RunTime:0.003000s ]
INFO: [ app_end ] --END-- [ RunTime:0.003000s ]

[ 2016-11-23T21:03:22+08:00 ] 127.0.0.1 /practical/blog1/index.php/Home/Index/qs.html
INFO: [ app_init ] --START--
INFO: Run Behavior\BuildLiteBehavior [ RunTime:0.000000s ]
INFO: [ app_init ] --END-- [ RunTime:0.000000s ]
INFO: [ app_begin ] --START--
INFO: Run Behavior\ReadHtmlCacheBehavior [ RunTime:0.001000s ]
INFO: [ app_begin ] --END-- [ RunTime:0.001000s ]
SQL: SHOW COLUMNS FROM `qs` [ RunTime:0.0070s ]
SQL: SHOW COLUMNS FROM `qs` [ RunTime:0.0060s ]
SQL: SELECT COUNT(*) AS tp_count FROM `qs` LIMIT 1   [ RunTime:0.0000s ]
NOTIC: [8] Undefined index: page E:\web\www\practical\blog1\Application\Home\Model\QsModel.class.php 第 13 行.
NOTIC: [8] Undefined variable: where E:\web\www\practical\blog1\Application\Home\Model\QsModel.class.php 第 18 行.
SQL: SELECT * FROM `qs` LIMIT 0,20   [ RunTime:0.0010s ]
SQL: SELECT COUNT(*) AS tp_count FROM `qs` LIMIT 1   [ RunTime:0.0000s ]
NOTIC: [8] Undefined variable: page_i E:\web\www\practical\blog1\Application\Home\Model\QsModel.class.php 第 23 行.
NOTIC: [8] Undefined index: page E:\web\www\practical\blog1\Application\Home\Controller\IndexController.class.php 第 66 行.
INFO: [ view_parse ] --START--
INFO: [ template_filter ] --START--
INFO: Run Behavior\ContentReplaceBehavior [ RunTime:0.000000s ]
INFO: [ template_filter ] --END-- [ RunTime:0.000000s ]
INFO: Run Behavior\ParseTemplateBehavior [ RunTime:0.011001s ]
INFO: [ view_parse ] --END-- [ RunTime:0.011001s ]
INFO: [ view_filter ] --START--
INFO: Run Behavior\WriteHtmlCacheBehavior [ RunTime:0.001000s ]
INFO: [ view_filter ] --END-- [ RunTime:0.001000s ]
INFO: [ view_parse ] --START--
INFO: [ template_filter ] --START--
INFO: Run Behavior\ContentReplaceBehavior [ RunTime:0.000000s ]
INFO: [ template_filter ] --END-- [ RunTime:-0.010000s ]
INFO: Run Behavior\ParseTemplateBehavior [ RunTime:0.009001s ]
INFO: [ view_parse ] --END-- [ RunTime:-0.002000s ]
INFO: [ view_filter ] --START--
INFO: Run Behavior\WriteHtmlCacheBehavior [ RunTime:0.000000s ]
INFO: [ view_filter ] --END-- [ RunTime:-0.010001s ]
NOTIC: [2] Cannot modify header information - headers already sent by (output started at E:\web\www\practical\blog1\ThinkPHP\Library\Think\View.class.php:95) E:\web\www\practical\blog1\ThinkPHP\Library\Think\View.class.php 第 91 行.
NOTIC: [2] Cannot modify header information - headers already sent by (output started at E:\web\www\practical\blog1\ThinkPHP\Library\Think\View.class.php:95) E:\web\www\practical\blog1\ThinkPHP\Library\Think\View.class.php 第 92 行.
NOTIC: [2] Cannot modify header information - headers already sent by (output started at E:\web\www\practical\blog1\ThinkPHP\Library\Think\View.class.php:95) E:\web\www\practical\blog1\ThinkPHP\Library\Think\View.class.php 第 93 行.
INFO: [ app_end ] --START--
INFO: Run Behavior\ShowPageTraceBehavior [ RunTime:0.001000s ]
INFO: [ app_end ] --END-- [ RunTime:0.001000s ]

[ 2016-11-23T21:04:39+08:00 ] 127.0.0.1 /practical/blog1/index.php/Home/Index/qs.html
INFO: [ app_init ] --START--
INFO: Run Behavior\BuildLiteBehavior [ RunTime:0.000000s ]
INFO: [ app_init ] --END-- [ RunTime:0.001000s ]
INFO: [ app_begin ] --START--
INFO: Run Behavior\ReadHtmlCacheBehavior [ RunTime:0.000000s ]
INFO: [ app_begin ] --END-- [ RunTime:0.000000s ]
SQL: SHOW COLUMNS FROM `qs` [ RunTime:0.0100s ]
SQL: SHOW COLUMNS FROM `qs` [ RunTime:0.0090s ]
SQL: SELECT COUNT(*) AS tp_count FROM `qs` LIMIT 1   [ RunTime:0.0010s ]
NOTIC: [8] Undefined index: page E:\web\www\practical\blog1\Application\Home\Model\QsModel.class.php 第 13 行.
NOTIC: [8] Undefined variable: where E:\web\www\practical\blog1\Application\Home\Model\QsModel.class.php 第 18 行.
SQL: SELECT * FROM `qs` LIMIT 0,20   [ RunTime:0.0010s ]
SQL: SELECT COUNT(*) AS tp_count FROM `qs` LIMIT 1   [ RunTime:0.0000s ]
NOTIC: [8] Undefined variable: page_i E:\web\www\practical\blog1\Application\Home\Model\QsModel.class.php 第 23 行.
NOTIC: [8] Undefined index: page E:\web\www\practical\blog1\Application\Home\Controller\IndexController.class.php 第 66 行.
INFO: [ view_parse ] --START--
INFO: [ template_filter ] --START--
INFO: Run Behavior\ContentReplaceBehavior [ RunTime:0.000000s ]
INFO: [ template_filter ] --END-- [ RunTime:0.000000s ]
INFO: Run Behavior\ParseTemplateBehavior [ RunTime:0.015001s ]
INFO: [ view_parse ] --END-- [ RunTime:0.015001s ]
INFO: [ view_filter ] --START--
INFO: Run Behavior\WriteHtmlCacheBehavior [ RunTime:0.001000s ]
INFO: [ view_filter ] --END-- [ RunTime:0.001000s ]
INFO: [ view_parse ] --START--
INFO: [ template_filter ] --START--
INFO: Run Behavior\ContentReplaceBehavior [ RunTime:0.000000s ]
INFO: [ template_filter ] --END-- [ RunTime:-0.012000s ]
INFO: Run Behavior\ParseTemplateBehavior [ RunTime:0.009000s ]
INFO: [ view_parse ] --END-- [ RunTime:-0.002000s ]
INFO: [ view_filter ] --START--
INFO: Run Behavior\WriteHtmlCacheBehavior [ RunTime:0.000000s ]
INFO: [ view_filter ] --END-- [ RunTime:-0.010000s ]
NOTIC: [2] Cannot modify header information - headers already sent by (output started at E:\web\www\practical\blog1\ThinkPHP\Library\Think\View.class.php:95) E:\web\www\practical\blog1\ThinkPHP\Library\Think\View.class.php 第 91 行.
NOTIC: [2] Cannot modify header information - headers already sent by (output started at E:\web\www\practical\blog1\ThinkPHP\Library\Think\View.class.php:95) E:\web\www\practical\blog1\ThinkPHP\Library\Think\View.class.php 第 92 行.
NOTIC: [2] Cannot modify header information - headers already sent by (output started at E:\web\www\practical\blog1\ThinkPHP\Library\Think\View.class.php:95) E:\web\www\practical\blog1\ThinkPHP\Library\Think\View.class.php 第 93 行.
INFO: [ app_end ] --START--
INFO: Run Behavior\ShowPageTraceBehavior [ RunTime:0.001000s ]
INFO: [ app_end ] --END-- [ RunTime:0.001000s ]

[ 2016-11-23T21:25:55+08:00 ] 127.0.0.1 /practical/blog1/
INFO: [ app_init ] --START--
INFO: Run Behavior\BuildLiteBehavior [ RunTime:0.000000s ]
INFO: [ app_init ] --END-- [ RunTime:0.000000s ]
INFO: [ app_begin ] --START--
INFO: Run Behavior\ReadHtmlCacheBehavior [ RunTime:0.001000s ]
INFO: [ app_begin ] --END-- [ RunTime:0.001000s ]
SQL: SHOW COLUMNS FROM `qs` [ RunTime:0.0080s ]
SQL: SHOW COLUMNS FROM `qs` [ RunTime:0.0060s ]
SQL: SELECT COUNT(*) AS tp_count FROM `qs` LIMIT 1   [ RunTime:0.0010s ]
NOTIC: [8] Undefined index: page E:\web\www\practical\blog1\Application\Home\Model\QsModel.class.php 第 13 行.
NOTIC: [8] Undefined variable: where E:\web\www\practical\blog1\Application\Home\Model\QsModel.class.php 第 18 行.
SQL: SELECT * FROM `qs` LIMIT 0,20   [ RunTime:0.0010s ]
SQL: SELECT COUNT(*) AS tp_count FROM `qs` LIMIT 1   [ RunTime:0.0000s ]
NOTIC: [8] Undefined variable: page_i E:\web\www\practical\blog1\Application\Home\Model\QsModel.class.php 第 23 行.
NOTIC: [8] Undefined index: page E:\web\www\practical\blog1\Application\Home\Controller\IndexController.class.php 第 22 行.
INFO: [ view_parse ] --START--
INFO: [ template_filter ] --START--
INFO: Run Behavior\ContentReplaceBehavior [ RunTime:0.001000s ]
INFO: [ template_filter ] --END-- [ RunTime:0.001000s ]
INFO: Run Behavior\ParseTemplateBehavior [ RunTime:0.045002s ]
INFO: [ view_parse ] --END-- [ RunTime:0.045002s ]
INFO: [ view_filter ] --START--
INFO: Run Behavior\WriteHtmlCacheBehavior [ RunTime:0.000000s ]
INFO: [ view_filter ] --END-- [ RunTime:0.000000s ]
INFO: [ app_end ] --START--
INFO: Run Behavior\ShowPageTraceBehavior [ RunTime:0.001001s ]
INFO: [ app_end ] --END-- [ RunTime:0.002001s ]

[ 2016-11-23T21:25:59+08:00 ] 127.0.0.1 /practical/blog1/index.php/Home/Index/kaixin.html
INFO: [ app_init ] --START--
INFO: Run Behavior\BuildLiteBehavior [ RunTime:0.000000s ]
INFO: [ app_init ] --END-- [ RunTime:0.001000s ]
INFO: [ app_begin ] --START--
INFO: Run Behavior\ReadHtmlCacheBehavior [ RunTime:0.000000s ]
INFO: [ app_begin ] --END-- [ RunTime:0.000000s ]
SQL: SHOW COLUMNS FROM `category` [ RunTime:0.0070s ]
SQL: SELECT * FROM `category`  [ RunTime:0.0020s ]
INFO: [ app_end ] --START--
INFO: Run Behavior\ShowPageTraceBehavior [ RunTime:0.000000s ]
INFO: [ app_end ] --END-- [ RunTime:0.000000s ]

[ 2016-11-23T21:26:59+08:00 ] 127.0.0.1 /practical/blog1/
INFO: [ app_init ] --START--
INFO: Run Behavior\BuildLiteBehavior [ RunTime:0.000000s ]
INFO: [ app_init ] --END-- [ RunTime:0.001001s ]
INFO: [ app_begin ] --START--
INFO: Run Behavior\ReadHtmlCacheBehavior [ RunTime:0.000000s ]
INFO: [ app_begin ] --END-- [ RunTime:0.000000s ]
SQL: SHOW COLUMNS FROM `qs` [ RunTime:0.0080s ]
SQL: SHOW COLUMNS FROM `qs` [ RunTime:0.0070s ]
SQL: SELECT COUNT(*) AS tp_count FROM `qs` LIMIT 1   [ RunTime:0.0000s ]
NOTIC: [8] Undefined index: page E:\web\www\practical\blog1\Application\Home\Model\QsModel.class.php 第 13 行.
NOTIC: [8] Undefined variable: where E:\web\www\practical\blog1\Application\Home\Model\QsModel.class.php 第 18 行.
SQL: SELECT * FROM `qs` LIMIT 0,20   [ RunTime:0.0010s ]
SQL: SELECT COUNT(*) AS tp_count FROM `qs` LIMIT 1   [ RunTime:0.0010s ]
NOTIC: [8] Undefined variable: page_i E:\web\www\practical\blog1\Application\Home\Model\QsModel.class.php 第 23 行.
NOTIC: [8] Undefined index: page E:\web\www\practical\blog1\Application\Home\Controller\IndexController.class.php 第 22 行.
INFO: [ view_parse ] --START--
INFO: [ template_filter ] --START--
INFO: Run Behavior\ContentReplaceBehavior [ RunTime:0.001000s ]
INFO: [ template_filter ] --END-- [ RunTime:0.001000s ]
INFO: Run Behavior\ParseTemplateBehavior [ RunTime:0.036002s ]
INFO: [ view_parse ] --END-- [ RunTime:0.036002s ]
INFO: [ view_filter ] --START--
INFO: Run Behavior\WriteHtmlCacheBehavior [ RunTime:0.001000s ]
INFO: [ view_filter ] --END-- [ RunTime:0.001000s ]
INFO: [ app_end ] --START--
INFO: Run Behavior\ShowPageTraceBehavior [ RunTime:0.001000s ]
INFO: [ app_end ] --END-- [ RunTime:0.001000s ]

[ 2016-11-23T21:27:13+08:00 ] 127.0.0.1 /practical/blog1/index.php/Home/Index/kaixin.html
INFO: [ app_init ] --START--
INFO: Run Behavior\BuildLiteBehavior [ RunTime:0.000000s ]
INFO: [ app_init ] --END-- [ RunTime:0.000000s ]
INFO: [ app_begin ] --START--
INFO: Run Behavior\ReadHtmlCacheBehavior [ RunTime:0.000000s ]
INFO: [ app_begin ] --END-- [ RunTime:0.000000s ]
SQL: SHOW COLUMNS FROM `category` [ RunTime:0.0070s ]
SQL: SELECT * FROM `category`  [ RunTime:0.0010s ]
INFO: [ app_end ] --START--
INFO: Run Behavior\ShowPageTraceBehavior [ RunTime:0.001000s ]
INFO: [ app_end ] --END-- [ RunTime:0.001000s ]

